{"/Users/ziyang/Documents/open-codex-gui/frontend/dist/assets/AssistantUIChatPage-DbzTX1Li.js": {"path":"/Users/ziyang/Documents/open-codex-gui/frontend/dist/assets/AssistantUIChatPage-DbzTX1Li.js","all":true,"statementMap":{"0":{"start":{"line":1,"column":0},"end":{"line":1,"column":185}},"1":{"start":{"line":2,"column":0},"end":{"line":2,"column":39}},"2":{"start":{"line":3,"column":0},"end":{"line":3,"column":2}},"3":{"start":{"line":4,"column":0},"end":{"line":4,"column":54}},"4":{"start":{"line":5,"column":0},"end":{"line":5,"column":66}},"5":{"start":{"line":6,"column":0},"end":{"line":6,"column":120}},"6":{"start":{"line":7,"column":0},"end":{"line":7,"column":39}},"7":{"start":{"line":8,"column":0},"end":{"line":8,"column":2}},"8":{"start":{"line":9,"column":0},"end":{"line":9,"column":54}},"9":{"start":{"line":10,"column":0},"end":{"line":10,"column":66}},"10":{"start":{"line":11,"column":0},"end":{"line":11,"column":79}},"11":{"start":{"line":12,"column":0},"end":{"line":12,"column":39}},"12":{"start":{"line":13,"column":0},"end":{"line":13,"column":2}},"13":{"start":{"line":14,"column":0},"end":{"line":14,"column":54}},"14":{"start":{"line":15,"column":0},"end":{"line":15,"column":66}},"15":{"start":{"line":16,"column":0},"end":{"line":16,"column":83}},"16":{"start":{"line":17,"column":0},"end":{"line":17,"column":39}},"17":{"start":{"line":18,"column":0},"end":{"line":18,"column":2}},"18":{"start":{"line":19,"column":0},"end":{"line":19,"column":54}},"19":{"start":{"line":20,"column":0},"end":{"line":20,"column":66}},"20":{"start":{"line":21,"column":0},"end":{"line":21,"column":85}},"21":{"start":{"line":22,"column":0},"end":{"line":22,"column":39}},"22":{"start":{"line":23,"column":0},"end":{"line":23,"column":2}},"23":{"start":{"line":24,"column":0},"end":{"line":24,"column":54}},"24":{"start":{"line":25,"column":0},"end":{"line":25,"column":66}},"25":{"start":{"line":26,"column":0},"end":{"line":26,"column":187}},"26":{"start":{"line":27,"column":0},"end":{"line":27,"column":39}},"27":{"start":{"line":28,"column":0},"end":{"line":28,"column":2}},"28":{"start":{"line":29,"column":0},"end":{"line":29,"column":54}},"29":{"start":{"line":30,"column":0},"end":{"line":30,"column":66}},"30":{"start":{"line":31,"column":0},"end":{"line":31,"column":327}},"31":{"start":{"line":32,"column":0},"end":{"line":32,"column":39}},"32":{"start":{"line":33,"column":0},"end":{"line":33,"column":2}},"33":{"start":{"line":34,"column":0},"end":{"line":34,"column":54}},"34":{"start":{"line":35,"column":0},"end":{"line":35,"column":66}},"35":{"start":{"line":36,"column":0},"end":{"line":36,"column":340}},"36":{"start":{"line":37,"column":0},"end":{"line":37,"column":39}},"37":{"start":{"line":38,"column":0},"end":{"line":38,"column":2}},"38":{"start":{"line":39,"column":0},"end":{"line":39,"column":54}},"39":{"start":{"line":40,"column":0},"end":{"line":40,"column":66}},"40":{"start":{"line":41,"column":0},"end":{"line":41,"column":225}},"41":{"start":{"line":42,"column":0},"end":{"line":42,"column":39}},"42":{"start":{"line":43,"column":0},"end":{"line":43,"column":2}},"43":{"start":{"line":44,"column":0},"end":{"line":44,"column":54}},"44":{"start":{"line":45,"column":0},"end":{"line":45,"column":66}},"45":{"start":{"line":46,"column":0},"end":{"line":46,"column":247}},"46":{"start":{"line":47,"column":0},"end":{"line":47,"column":39}},"47":{"start":{"line":48,"column":0},"end":{"line":48,"column":2}},"48":{"start":{"line":49,"column":0},"end":{"line":49,"column":54}},"49":{"start":{"line":50,"column":0},"end":{"line":50,"column":66}},"50":{"start":{"line":51,"column":0},"end":{"line":51,"column":224}},"51":{"start":{"line":52,"column":0},"end":{"line":52,"column":39}},"52":{"start":{"line":53,"column":0},"end":{"line":53,"column":2}},"53":{"start":{"line":54,"column":0},"end":{"line":54,"column":54}},"54":{"start":{"line":55,"column":0},"end":{"line":55,"column":66}},"55":{"start":{"line":56,"column":0},"end":{"line":56,"column":327}},"56":{"start":{"line":57,"column":0},"end":{"line":57,"column":39}},"57":{"start":{"line":58,"column":0},"end":{"line":58,"column":2}},"58":{"start":{"line":59,"column":0},"end":{"line":59,"column":54}},"59":{"start":{"line":60,"column":0},"end":{"line":60,"column":66}},"60":{"start":{"line":61,"column":0},"end":{"line":61,"column":80578}},"61":{"start":{"line":62,"column":0},"end":{"line":62,"column":56236}},"62":{"start":{"line":63,"column":0},"end":{"line":63,"column":21}},"63":{"start":{"line":64,"column":0},"end":{"line":64,"column":12263}},"64":{"start":{"line":65,"column":0},"end":{"line":65,"column":46}},"65":{"start":{"line":66,"column":0},"end":{"line":66,"column":3597}},"66":{"start":{"line":67,"column":0},"end":{"line":67,"column":170}},"67":{"start":{"line":68,"column":0},"end":{"line":68,"column":7635}},"68":{"start":{"line":69,"column":0},"end":{"line":69,"column":89}},"69":{"start":{"line":70,"column":0},"end":{"line":70,"column":3645}},"70":{"start":{"line":71,"column":0},"end":{"line":71,"column":48}},"71":{"start":{"line":72,"column":0},"end":{"line":72,"column":66}},"72":{"start":{"line":73,"column":0},"end":{"line":73,"column":285}},"73":{"start":{"line":74,"column":0},"end":{"line":74,"column":19660}},"74":{"start":{"line":75,"column":0},"end":{"line":75,"column":2213}},"75":{"start":{"line":76,"column":0},"end":{"line":76,"column":683}},"76":{"start":{"line":77,"column":0},"end":{"line":77,"column":72}},"77":{"start":{"line":78,"column":0},"end":{"line":78,"column":1032}},"78":{"start":{"line":79,"column":0},"end":{"line":79,"column":55}},"79":{"start":{"line":80,"column":0},"end":{"line":80,"column":20}},"80":{"start":{"line":81,"column":0},"end":{"line":81,"column":736}},"81":{"start":{"line":82,"column":0},"end":{"line":82,"column":1663}},"82":{"start":{"line":83,"column":0},"end":{"line":83,"column":9}},"83":{"start":{"line":84,"column":0},"end":{"line":84,"column":22}},"84":{"start":{"line":85,"column":0},"end":{"line":85,"column":79}},"85":{"start":{"line":86,"column":0},"end":{"line":86,"column":138}},"86":{"start":{"line":87,"column":0},"end":{"line":87,"column":8631}},"87":{"start":{"line":88,"column":0},"end":{"line":88,"column":365}},"88":{"start":{"line":89,"column":0},"end":{"line":89,"column":19102}},"89":{"start":{"line":90,"column":0},"end":{"line":90,"column":7983}},"90":{"start":{"line":91,"column":0},"end":{"line":91,"column":277}},"91":{"start":{"line":92,"column":0},"end":{"line":92,"column":2032}},"92":{"start":{"line":93,"column":0},"end":{"line":93,"column":81}},"93":{"start":{"line":94,"column":0},"end":{"line":94,"column":190348}},"94":{"start":{"line":95,"column":0},"end":{"line":95,"column":2}},"95":{"start":{"line":96,"column":0},"end":{"line":96,"column":350821}},"96":{"start":{"line":97,"column":0},"end":{"line":97,"column":77582}},"97":{"start":{"line":98,"column":0},"end":{"line":98,"column":118}},"98":{"start":{"line":99,"column":0},"end":{"line":99,"column":12163}},"99":{"start":{"line":100,"column":0},"end":{"line":100,"column":824}},"100":{"start":{"line":101,"column":0},"end":{"line":101,"column":20275}}},"s":{"0":0,"1":0,"2":0,"3":0,"4":0,"5":0,"6":0,"7":0,"8":0,"9":0,"10":0,"11":0,"12":0,"13":0,"14":0,"15":0,"16":0,"17":0,"18":0,"19":0,"20":0,"21":0,"22":0,"23":0,"24":0,"25":0,"26":0,"27":0,"28":0,"29":0,"30":0,"31":0,"32":0,"33":0,"34":0,"35":0,"36":0,"37":0,"38":0,"39":0,"40":0,"41":0,"42":0,"43":0,"44":0,"45":0,"46":0,"47":0,"48":0,"49":0,"50":0,"51":0,"52":0,"53":0,"54":0,"55":0,"56":0,"57":0,"58":0,"59":0,"60":0,"61":0,"62":0,"63":0,"64":0,"65":0,"66":0,"67":0,"68":0,"69":0,"70":0,"71":0,"72":0,"73":0,"74":0,"75":0,"76":0,"77":0,"78":0,"79":0,"80":0,"81":0,"82":0,"83":0,"84":0,"85":0,"86":0,"87":0,"88":0,"89":0,"90":0,"91":0,"92":0,"93":0,"94":0,"95":0,"96":0,"97":0,"98":0,"99":0,"100":0},"branchMap":{"0":{"type":"branch","line":1,"loc":{"start":{"line":1,"column":0},"end":{"line":101,"column":13505}},"locations":[{"start":{"line":1,"column":0},"end":{"line":101,"column":13505}}]}},"b":{"0":[0]},"fnMap":{"0":{"name":"(empty-report)","decl":{"start":{"line":1,"column":0},"end":{"line":101,"column":13505}},"loc":{"start":{"line":1,"column":0},"end":{"line":101,"column":13505}},"line":1}},"f":{"0":0}}
,"/Users/ziyang/Documents/open-codex-gui/frontend/dist/assets/index-CTXRLkUJ.js": {"path":"/Users/ziyang/Documents/open-codex-gui/frontend/dist/assets/index-CTXRLkUJ.js","all":true,"statementMap":{"0":{"start":{"line":1,"column":0},"end":{"line":1,"column":160}},"1":{"start":{"line":2,"column":0},"end":{"line":2,"column":1770}},"2":{"start":{"line":3,"column":0},"end":{"line":3,"column":17}},"3":{"start":{"line":4,"column":0},"end":{"line":4,"column":26}},"4":{"start":{"line":5,"column":0},"end":{"line":5,"column":2}},"5":{"start":{"line":6,"column":0},"end":{"line":6,"column":51}},"6":{"start":{"line":7,"column":0},"end":{"line":7,"column":2}},"7":{"start":{"line":8,"column":0},"end":{"line":8,"column":66}},"8":{"start":{"line":9,"column":0},"end":{"line":9,"column":58}},"9":{"start":{"line":10,"column":0},"end":{"line":10,"column":6630}},"10":{"start":{"line":11,"column":0},"end":{"line":11,"column":17}},"11":{"start":{"line":12,"column":0},"end":{"line":12,"column":38}},"12":{"start":{"line":13,"column":0},"end":{"line":13,"column":2}},"13":{"start":{"line":14,"column":0},"end":{"line":14,"column":51}},"14":{"start":{"line":15,"column":0},"end":{"line":15,"column":2}},"15":{"start":{"line":16,"column":0},"end":{"line":16,"column":66}},"16":{"start":{"line":17,"column":0},"end":{"line":17,"column":58}},"17":{"start":{"line":18,"column":0},"end":{"line":18,"column":667}},"18":{"start":{"line":19,"column":0},"end":{"line":19,"column":17}},"19":{"start":{"line":20,"column":0},"end":{"line":20,"column":30}},"20":{"start":{"line":21,"column":0},"end":{"line":21,"column":2}},"21":{"start":{"line":22,"column":0},"end":{"line":22,"column":51}},"22":{"start":{"line":23,"column":0},"end":{"line":23,"column":2}},"23":{"start":{"line":24,"column":0},"end":{"line":24,"column":66}},"24":{"start":{"line":25,"column":0},"end":{"line":25,"column":58}},"25":{"start":{"line":26,"column":0},"end":{"line":26,"column":3888}},"26":{"start":{"line":27,"column":0},"end":{"line":27,"column":17}},"27":{"start":{"line":28,"column":0},"end":{"line":28,"column":30}},"28":{"start":{"line":29,"column":0},"end":{"line":29,"column":2}},"29":{"start":{"line":30,"column":0},"end":{"line":30,"column":51}},"30":{"start":{"line":31,"column":0},"end":{"line":31,"column":2}},"31":{"start":{"line":32,"column":0},"end":{"line":32,"column":66}},"32":{"start":{"line":33,"column":0},"end":{"line":33,"column":58}},"33":{"start":{"line":34,"column":0},"end":{"line":34,"column":6108}},"34":{"start":{"line":35,"column":0},"end":{"line":35,"column":512}},"35":{"start":{"line":36,"column":0},"end":{"line":36,"column":20}},"36":{"start":{"line":37,"column":0},"end":{"line":37,"column":153}},"37":{"start":{"line":38,"column":0},"end":{"line":38,"column":37526}},"38":{"start":{"line":39,"column":0},"end":{"line":39,"column":27887}},"39":{"start":{"line":40,"column":0},"end":{"line":40,"column":37}},"40":{"start":{"line":41,"column":0},"end":{"line":41,"column":97647}},"41":{"start":{"line":42,"column":0},"end":{"line":42,"column":28}},"42":{"start":{"line":43,"column":0},"end":{"line":43,"column":2}},"43":{"start":{"line":44,"column":0},"end":{"line":44,"column":36}},"44":{"start":{"line":45,"column":0},"end":{"line":45,"column":2}},"45":{"start":{"line":46,"column":0},"end":{"line":46,"column":66}},"46":{"start":{"line":47,"column":0},"end":{"line":47,"column":61}},"47":{"start":{"line":48,"column":0},"end":{"line":48,"column":2}},"48":{"start":{"line":49,"column":0},"end":{"line":49,"column":15}},"49":{"start":{"line":50,"column":0},"end":{"line":50,"column":9033}},"50":{"start":{"line":51,"column":0},"end":{"line":51,"column":23}},"51":{"start":{"line":52,"column":0},"end":{"line":52,"column":2}},"52":{"start":{"line":53,"column":0},"end":{"line":53,"column":36}},"53":{"start":{"line":54,"column":0},"end":{"line":54,"column":2}},"54":{"start":{"line":55,"column":0},"end":{"line":55,"column":66}},"55":{"start":{"line":56,"column":0},"end":{"line":56,"column":61}},"56":{"start":{"line":57,"column":0},"end":{"line":57,"column":2}},"57":{"start":{"line":58,"column":0},"end":{"line":58,"column":15}},"58":{"start":{"line":59,"column":0},"end":{"line":59,"column":7871}},"59":{"start":{"line":60,"column":0},"end":{"line":60,"column":27}},"60":{"start":{"line":61,"column":0},"end":{"line":61,"column":2}},"61":{"start":{"line":62,"column":0},"end":{"line":62,"column":36}},"62":{"start":{"line":63,"column":0},"end":{"line":63,"column":2}},"63":{"start":{"line":64,"column":0},"end":{"line":64,"column":66}},"64":{"start":{"line":65,"column":0},"end":{"line":65,"column":61}},"65":{"start":{"line":66,"column":0},"end":{"line":66,"column":2}},"66":{"start":{"line":67,"column":0},"end":{"line":67,"column":15}},"67":{"start":{"line":68,"column":0},"end":{"line":68,"column":15741}},"68":{"start":{"line":69,"column":0},"end":{"line":69,"column":2869}},"69":{"start":{"line":70,"column":0},"end":{"line":70,"column":12160}},"70":{"start":{"line":71,"column":0},"end":{"line":71,"column":18}},"71":{"start":{"line":72,"column":0},"end":{"line":72,"column":2244}},"72":{"start":{"line":73,"column":0},"end":{"line":73,"column":13472}},"73":{"start":{"line":74,"column":0},"end":{"line":74,"column":39}},"74":{"start":{"line":75,"column":0},"end":{"line":75,"column":2}},"75":{"start":{"line":76,"column":0},"end":{"line":76,"column":54}},"76":{"start":{"line":77,"column":0},"end":{"line":77,"column":66}},"77":{"start":{"line":78,"column":0},"end":{"line":78,"column":390}},"78":{"start":{"line":79,"column":0},"end":{"line":79,"column":39}},"79":{"start":{"line":80,"column":0},"end":{"line":80,"column":2}},"80":{"start":{"line":81,"column":0},"end":{"line":81,"column":54}},"81":{"start":{"line":82,"column":0},"end":{"line":82,"column":66}},"82":{"start":{"line":83,"column":0},"end":{"line":83,"column":182}},"83":{"start":{"line":84,"column":0},"end":{"line":84,"column":39}},"84":{"start":{"line":85,"column":0},"end":{"line":85,"column":2}},"85":{"start":{"line":86,"column":0},"end":{"line":86,"column":54}},"86":{"start":{"line":87,"column":0},"end":{"line":87,"column":66}},"87":{"start":{"line":88,"column":0},"end":{"line":88,"column":387}},"88":{"start":{"line":89,"column":0},"end":{"line":89,"column":39}},"89":{"start":{"line":90,"column":0},"end":{"line":90,"column":2}},"90":{"start":{"line":91,"column":0},"end":{"line":91,"column":54}},"91":{"start":{"line":92,"column":0},"end":{"line":92,"column":66}},"92":{"start":{"line":93,"column":0},"end":{"line":93,"column":195}},"93":{"start":{"line":94,"column":0},"end":{"line":94,"column":39}},"94":{"start":{"line":95,"column":0},"end":{"line":95,"column":2}},"95":{"start":{"line":96,"column":0},"end":{"line":96,"column":54}},"96":{"start":{"line":97,"column":0},"end":{"line":97,"column":66}},"97":{"start":{"line":98,"column":0},"end":{"line":98,"column":308}},"98":{"start":{"line":99,"column":0},"end":{"line":99,"column":39}},"99":{"start":{"line":100,"column":0},"end":{"line":100,"column":2}},"100":{"start":{"line":101,"column":0},"end":{"line":101,"column":54}},"101":{"start":{"line":102,"column":0},"end":{"line":102,"column":66}},"102":{"start":{"line":103,"column":0},"end":{"line":103,"column":99}},"103":{"start":{"line":104,"column":0},"end":{"line":104,"column":39}},"104":{"start":{"line":105,"column":0},"end":{"line":105,"column":2}},"105":{"start":{"line":106,"column":0},"end":{"line":106,"column":54}},"106":{"start":{"line":107,"column":0},"end":{"line":107,"column":66}},"107":{"start":{"line":108,"column":0},"end":{"line":108,"column":283}},"108":{"start":{"line":109,"column":0},"end":{"line":109,"column":39}},"109":{"start":{"line":110,"column":0},"end":{"line":110,"column":2}},"110":{"start":{"line":111,"column":0},"end":{"line":111,"column":54}},"111":{"start":{"line":112,"column":0},"end":{"line":112,"column":66}},"112":{"start":{"line":113,"column":0},"end":{"line":113,"column":21534}}},"s":{"0":0,"1":0,"2":0,"3":0,"4":0,"5":0,"6":0,"7":0,"8":0,"9":0,"10":0,"11":0,"12":0,"13":0,"14":0,"15":0,"16":0,"17":0,"18":0,"19":0,"20":0,"21":0,"22":0,"23":0,"24":0,"25":0,"26":0,"27":0,"28":0,"29":0,"30":0,"31":0,"32":0,"33":0,"34":0,"35":0,"36":0,"37":0,"38":0,"39":0,"40":0,"41":0,"42":0,"43":0,"44":0,"45":0,"46":0,"47":0,"48":0,"49":0,"50":0,"51":0,"52":0,"53":0,"54":0,"55":0,"56":0,"57":0,"58":0,"59":0,"60":0,"61":0,"62":0,"63":0,"64":0,"65":0,"66":0,"67":0,"68":0,"69":0,"70":0,"71":0,"72":0,"73":0,"74":0,"75":0,"76":0,"77":0,"78":0,"79":0,"80":0,"81":0,"82":0,"83":0,"84":0,"85":0,"86":0,"87":0,"88":0,"89":0,"90":0,"91":0,"92":0,"93":0,"94":0,"95":0,"96":0,"97":0,"98":0,"99":0,"100":0,"101":0,"102":0,"103":0,"104":0,"105":0,"106":0,"107":0,"108":0,"109":0,"110":0,"111":0,"112":0},"branchMap":{"0":{"type":"branch","line":1,"loc":{"start":{"line":1,"column":272729},"end":{"line":113,"column":21534}},"locations":[{"start":{"line":1,"column":272729},"end":{"line":113,"column":21534}}]}},"b":{"0":[0]},"fnMap":{"0":{"name":"(empty-report)","decl":{"start":{"line":1,"column":272729},"end":{"line":113,"column":21534}},"loc":{"start":{"line":1,"column":272729},"end":{"line":113,"column":21534}},"line":1}},"f":{"0":0}}
,"/Users/ziyang/Documents/open-codex-gui/frontend/src/App.tsx": {"path":"/Users/ziyang/Documents/open-codex-gui/frontend/src/App.tsx","all":true,"statementMap":{"0":{"start":{"line":1,"column":0},"end":{"line":1,"column":49}},"1":{"start":{"line":2,"column":0},"end":{"line":2,"column":39}},"2":{"start":{"line":3,"column":0},"end":{"line":3,"column":63}},"3":{"start":{"line":4,"column":0},"end":{"line":4,"column":80}},"4":{"start":{"line":5,"column":0},"end":{"line":5,"column":48}},"5":{"start":{"line":6,"column":0},"end":{"line":6,"column":19}},"8":{"start":{"line":9,"column":0},"end":{"line":9,"column":33}},"9":{"start":{"line":10,"column":0},"end":{"line":10,"column":63}},"10":{"start":{"line":11,"column":0},"end":{"line":11,"column":2}},"13":{"start":{"line":14,"column":0},"end":{"line":14,"column":28}},"14":{"start":{"line":15,"column":0},"end":{"line":15,"column":10}},"15":{"start":{"line":16,"column":0},"end":{"line":16,"column":47}},"16":{"start":{"line":17,"column":0},"end":{"line":17,"column":30}},"17":{"start":{"line":18,"column":0},"end":{"line":18,"column":15}},"19":{"start":{"line":20,"column":0},"end":{"line":20,"column":1}},"21":{"start":{"line":22,"column":0},"end":{"line":22,"column":16}},"22":{"start":{"line":23,"column":0},"end":{"line":23,"column":10}},"23":{"start":{"line":24,"column":0},"end":{"line":24,"column":25}},"24":{"start":{"line":25,"column":0},"end":{"line":25,"column":14}},"25":{"start":{"line":26,"column":0},"end":{"line":26,"column":52}},"26":{"start":{"line":27,"column":0},"end":{"line":27,"column":61}},"27":{"start":{"line":28,"column":0},"end":{"line":28,"column":78}},"28":{"start":{"line":29,"column":0},"end":{"line":29,"column":14}},"29":{"start":{"line":30,"column":0},"end":{"line":30,"column":53}},"30":{"start":{"line":31,"column":0},"end":{"line":31,"column":39}},"31":{"start":{"line":32,"column":0},"end":{"line":32,"column":10}},"32":{"start":{"line":33,"column":0},"end":{"line":33,"column":15}},"33":{"start":{"line":34,"column":0},"end":{"line":34,"column":10}},"35":{"start":{"line":36,"column":0},"end":{"line":36,"column":1}},"37":{"start":{"line":38,"column":0},"end":{"line":38,"column":19}}},"s":{"0":0,"1":0,"2":0,"3":0,"4":0,"5":0,"8":0,"9":0,"10":0,"13":0,"14":0,"15":0,"16":0,"17":0,"19":0,"21":0,"22":0,"23":0,"24":0,"25":0,"26":0,"27":0,"28":0,"29":0,"30":0,"31":0,"32":0,"33":0,"35":0,"37":0},"branchMap":{"0":{"type":"branch","line":1,"loc":{"start":{"line":1,"column":0},"end":{"line":38,"column":-496}},"locations":[{"start":{"line":1,"column":0},"end":{"line":38,"column":-496}}]}},"b":{"0":[0]},"fnMap":{"0":{"name":"(empty-report)","decl":{"start":{"line":1,"column":0},"end":{"line":38,"column":-496}},"loc":{"start":{"line":1,"column":0},"end":{"line":38,"column":-496}},"line":1}},"f":{"0":0}}
,"/Users/ziyang/Documents/open-codex-gui/frontend/src/components/ChatFileSidebar/ChatFileSidebar.tsx": {"path":"/Users/ziyang/Documents/open-codex-gui/frontend/src/components/ChatFileSidebar/ChatFileSidebar.tsx","all":true,"statementMap":{"0":{"start":{"line":1,"column":0},"end":{"line":1,"column":3}},"34":{"start":{"line":35,"column":0},"end":{"line":35,"column":49}},"46":{"start":{"line":47,"column":0},"end":{"line":47,"column":41}},"47":{"start":{"line":48,"column":0},"end":{"line":48,"column":12}},"48":{"start":{"line":49,"column":0},"end":{"line":49,"column":12}},"49":{"start":{"line":50,"column":0},"end":{"line":50,"column":9}},"50":{"start":{"line":51,"column":0},"end":{"line":51,"column":10}},"51":{"start":{"line":52,"column":0},"end":{"line":52,"column":15}},"52":{"start":{"line":53,"column":0},"end":{"line":53,"column":26}},"53":{"start":{"line":54,"column":0},"end":{"line":54,"column":39}},"54":{"start":{"line":55,"column":0},"end":{"line":55,"column":61}},"55":{"start":{"line":56,"column":0},"end":{"line":56,"column":79}},"56":{"start":{"line":57,"column":0},"end":{"line":57,"column":65}},"57":{"start":{"line":58,"column":0},"end":{"line":58,"column":61}},"60":{"start":{"line":61,"column":0},"end":{"line":61,"column":50}},"61":{"start":{"line":62,"column":0},"end":{"line":62,"column":54}},"62":{"start":{"line":63,"column":0},"end":{"line":63,"column":66}},"63":{"start":{"line":64,"column":0},"end":{"line":64,"column":58}},"64":{"start":{"line":65,"column":0},"end":{"line":65,"column":62}},"65":{"start":{"line":66,"column":0},"end":{"line":66,"column":5}},"68":{"start":{"line":69,"column":0},"end":{"line":69,"column":52}},"69":{"start":{"line":70,"column":0},"end":{"line":70,"column":59}},"72":{"start":{"line":73,"column":0},"end":{"line":73,"column":19}},"73":{"start":{"line":74,"column":0},"end":{"line":74,"column":17}},"74":{"start":{"line":75,"column":0},"end":{"line":75,"column":28}},"75":{"start":{"line":76,"column":0},"end":{"line":76,"column":26}},"76":{"start":{"line":77,"column":0},"end":{"line":77,"column":30}},"78":{"start":{"line":79,"column":0},"end":{"line":79,"column":25}},"79":{"start":{"line":80,"column":0},"end":{"line":80,"column":38}},"80":{"start":{"line":81,"column":0},"end":{"line":81,"column":31}},"81":{"start":{"line":82,"column":0},"end":{"line":82,"column":28}},"82":{"start":{"line":83,"column":0},"end":{"line":83,"column":42}},"83":{"start":{"line":84,"column":0},"end":{"line":84,"column":39}},"84":{"start":{"line":85,"column":0},"end":{"line":85,"column":5}},"85":{"start":{"line":86,"column":0},"end":{"line":86,"column":29}},"88":{"start":{"line":89,"column":0},"end":{"line":89,"column":41}},"89":{"start":{"line":90,"column":0},"end":{"line":90,"column":23}},"90":{"start":{"line":91,"column":0},"end":{"line":91,"column":22}},"91":{"start":{"line":92,"column":0},"end":{"line":92,"column":16}},"92":{"start":{"line":93,"column":0},"end":{"line":93,"column":12}},"93":{"start":{"line":94,"column":0},"end":{"line":94,"column":16}},"96":{"start":{"line":97,"column":0},"end":{"line":97,"column":64}},"97":{"start":{"line":98,"column":0},"end":{"line":98,"column":23}},"98":{"start":{"line":99,"column":0},"end":{"line":99,"column":24}},"99":{"start":{"line":100,"column":0},"end":{"line":100,"column":9}},"101":{"start":{"line":102,"column":0},"end":{"line":102,"column":19}},"102":{"start":{"line":103,"column":0},"end":{"line":103,"column":28}},"104":{"start":{"line":105,"column":0},"end":{"line":105,"column":48}},"105":{"start":{"line":106,"column":0},"end":{"line":106,"column":38}},"107":{"start":{"line":108,"column":0},"end":{"line":108,"column":47}},"108":{"start":{"line":109,"column":0},"end":{"line":109,"column":77}},"111":{"start":{"line":112,"column":0},"end":{"line":112,"column":64}},"112":{"start":{"line":113,"column":0},"end":{"line":113,"column":36}},"113":{"start":{"line":114,"column":0},"end":{"line":114,"column":6}},"115":{"start":{"line":116,"column":0},"end":{"line":116,"column":33}},"116":{"start":{"line":117,"column":0},"end":{"line":117,"column":27}},"118":{"start":{"line":119,"column":0},"end":{"line":119,"column":71}},"119":{"start":{"line":120,"column":0},"end":{"line":120,"column":6}},"121":{"start":{"line":122,"column":0},"end":{"line":122,"column":60}},"122":{"start":{"line":123,"column":0},"end":{"line":123,"column":56}},"125":{"start":{"line":126,"column":0},"end":{"line":126,"column":44}},"126":{"start":{"line":127,"column":0},"end":{"line":127,"column":46}},"128":{"start":{"line":129,"column":0},"end":{"line":129,"column":18}},"129":{"start":{"line":130,"column":0},"end":{"line":130,"column":65}},"130":{"start":{"line":131,"column":0},"end":{"line":131,"column":61}},"131":{"start":{"line":132,"column":0},"end":{"line":132,"column":42}},"132":{"start":{"line":133,"column":0},"end":{"line":133,"column":38}},"133":{"start":{"line":134,"column":0},"end":{"line":134,"column":6}},"134":{"start":{"line":135,"column":0},"end":{"line":135,"column":33}},"137":{"start":{"line":138,"column":0},"end":{"line":138,"column":9}},"138":{"start":{"line":139,"column":0},"end":{"line":139,"column":20}},"139":{"start":{"line":140,"column":0},"end":{"line":140,"column":14}},"140":{"start":{"line":141,"column":0},"end":{"line":141,"column":10}},"141":{"start":{"line":142,"column":0},"end":{"line":142,"column":12}},"142":{"start":{"line":143,"column":0},"end":{"line":143,"column":16}},"143":{"start":{"line":144,"column":0},"end":{"line":144,"column":44}},"144":{"start":{"line":145,"column":0},"end":{"line":145,"column":53}},"145":{"start":{"line":146,"column":0},"end":{"line":146,"column":35}},"146":{"start":{"line":147,"column":0},"end":{"line":147,"column":35}},"147":{"start":{"line":148,"column":0},"end":{"line":148,"column":13}},"148":{"start":{"line":149,"column":0},"end":{"line":149,"column":5}},"151":{"start":{"line":152,"column":0},"end":{"line":152,"column":38}},"152":{"start":{"line":153,"column":0},"end":{"line":153,"column":65}},"153":{"start":{"line":154,"column":0},"end":{"line":154,"column":22}},"155":{"start":{"line":156,"column":0},"end":{"line":156,"column":72}},"156":{"start":{"line":157,"column":0},"end":{"line":157,"column":81}},"157":{"start":{"line":158,"column":0},"end":{"line":158,"column":6}},"158":{"start":{"line":159,"column":0},"end":{"line":159,"column":5}},"160":{"start":{"line":161,"column":0},"end":{"line":161,"column":58}},"161":{"start":{"line":162,"column":0},"end":{"line":162,"column":43}},"162":{"start":{"line":163,"column":0},"end":{"line":163,"column":23}},"165":{"start":{"line":166,"column":0},"end":{"line":166,"column":85}},"166":{"start":{"line":167,"column":0},"end":{"line":167,"column":47}},"167":{"start":{"line":168,"column":0},"end":{"line":168,"column":91}},"168":{"start":{"line":169,"column":0},"end":{"line":169,"column":33}},"170":{"start":{"line":171,"column":0},"end":{"line":171,"column":60}},"172":{"start":{"line":173,"column":0},"end":{"line":173,"column":72}},"174":{"start":{"line":175,"column":0},"end":{"line":175,"column":81}},"175":{"start":{"line":176,"column":0},"end":{"line":176,"column":6}},"176":{"start":{"line":177,"column":0},"end":{"line":177,"column":5}},"178":{"start":{"line":179,"column":0},"end":{"line":179,"column":98}},"179":{"start":{"line":180,"column":0},"end":{"line":180,"column":25}},"180":{"start":{"line":181,"column":0},"end":{"line":181,"column":69}},"181":{"start":{"line":182,"column":0},"end":{"line":182,"column":9}},"182":{"start":{"line":183,"column":0},"end":{"line":183,"column":59}},"183":{"start":{"line":184,"column":0},"end":{"line":184,"column":19}},"184":{"start":{"line":185,"column":0},"end":{"line":185,"column":54}},"185":{"start":{"line":186,"column":0},"end":{"line":186,"column":5}},"186":{"start":{"line":187,"column":0},"end":{"line":187,"column":51}},"189":{"start":{"line":190,"column":0},"end":{"line":190,"column":42}},"190":{"start":{"line":191,"column":0},"end":{"line":191,"column":60}},"191":{"start":{"line":192,"column":0},"end":{"line":192,"column":22}},"193":{"start":{"line":194,"column":0},"end":{"line":194,"column":72}},"194":{"start":{"line":195,"column":0},"end":{"line":195,"column":81}},"195":{"start":{"line":196,"column":0},"end":{"line":196,"column":6}},"196":{"start":{"line":197,"column":0},"end":{"line":197,"column":5}},"198":{"start":{"line":199,"column":0},"end":{"line":199,"column":93}},"199":{"start":{"line":200,"column":0},"end":{"line":200,"column":25}},"200":{"start":{"line":201,"column":0},"end":{"line":201,"column":76}},"201":{"start":{"line":202,"column":0},"end":{"line":202,"column":89}},"202":{"start":{"line":203,"column":0},"end":{"line":203,"column":9}},"203":{"start":{"line":204,"column":0},"end":{"line":204,"column":52}},"204":{"start":{"line":205,"column":0},"end":{"line":205,"column":19}},"205":{"start":{"line":206,"column":0},"end":{"line":206,"column":48}},"206":{"start":{"line":207,"column":0},"end":{"line":207,"column":5}},"207":{"start":{"line":208,"column":0},"end":{"line":208,"column":27}},"210":{"start":{"line":211,"column":0},"end":{"line":211,"column":9}},"211":{"start":{"line":212,"column":0},"end":{"line":212,"column":22}},"212":{"start":{"line":213,"column":0},"end":{"line":213,"column":32}},"213":{"start":{"line":214,"column":0},"end":{"line":214,"column":16}},"214":{"start":{"line":215,"column":0},"end":{"line":215,"column":70}},"215":{"start":{"line":216,"column":0},"end":{"line":216,"column":78}},"216":{"start":{"line":217,"column":0},"end":{"line":217,"column":66}},"217":{"start":{"line":218,"column":0},"end":{"line":218,"column":33}},"218":{"start":{"line":219,"column":0},"end":{"line":219,"column":5}},"221":{"start":{"line":222,"column":0},"end":{"line":222,"column":19}},"222":{"start":{"line":223,"column":0},"end":{"line":223,"column":23}},"224":{"start":{"line":225,"column":0},"end":{"line":225,"column":57}},"225":{"start":{"line":226,"column":0},"end":{"line":226,"column":5}},"226":{"start":{"line":227,"column":0},"end":{"line":227,"column":18}},"227":{"start":{"line":228,"column":0},"end":{"line":228,"column":54}},"228":{"start":{"line":229,"column":0},"end":{"line":229,"column":6}},"229":{"start":{"line":230,"column":0},"end":{"line":230,"column":30}},"231":{"start":{"line":232,"column":0},"end":{"line":232,"column":64}},"232":{"start":{"line":233,"column":0},"end":{"line":233,"column":26}},"233":{"start":{"line":234,"column":0},"end":{"line":234,"column":24}},"234":{"start":{"line":235,"column":0},"end":{"line":235,"column":9}},"236":{"start":{"line":237,"column":0},"end":{"line":237,"column":46}},"237":{"start":{"line":238,"column":0},"end":{"line":238,"column":24}},"238":{"start":{"line":239,"column":0},"end":{"line":239,"column":26}},"239":{"start":{"line":240,"column":0},"end":{"line":240,"column":9}},"241":{"start":{"line":242,"column":0},"end":{"line":242,"column":95}},"242":{"start":{"line":243,"column":0},"end":{"line":243,"column":25}},"243":{"start":{"line":244,"column":0},"end":{"line":244,"column":9}},"244":{"start":{"line":245,"column":0},"end":{"line":245,"column":73}},"245":{"start":{"line":246,"column":0},"end":{"line":246,"column":51}},"246":{"start":{"line":247,"column":0},"end":{"line":247,"column":44}},"247":{"start":{"line":248,"column":0},"end":{"line":248,"column":19}},"248":{"start":{"line":249,"column":0},"end":{"line":249,"column":29}},"249":{"start":{"line":250,"column":0},"end":{"line":250,"column":35}},"250":{"start":{"line":251,"column":0},"end":{"line":251,"column":16}},"251":{"start":{"line":252,"column":0},"end":{"line":252,"column":38}},"252":{"start":{"line":253,"column":0},"end":{"line":253,"column":35}},"253":{"start":{"line":254,"column":0},"end":{"line":254,"column":19}},"254":{"start":{"line":255,"column":0},"end":{"line":255,"column":45}},"255":{"start":{"line":256,"column":0},"end":{"line":256,"column":5}},"256":{"start":{"line":257,"column":0},"end":{"line":257,"column":18}},"258":{"start":{"line":259,"column":0},"end":{"line":259,"column":80}},"259":{"start":{"line":260,"column":0},"end":{"line":260,"column":9}},"260":{"start":{"line":261,"column":0},"end":{"line":261,"column":67}},"261":{"start":{"line":262,"column":0},"end":{"line":262,"column":51}},"262":{"start":{"line":263,"column":0},"end":{"line":263,"column":44}},"263":{"start":{"line":264,"column":0},"end":{"line":264,"column":19}},"264":{"start":{"line":265,"column":0},"end":{"line":265,"column":39}},"265":{"start":{"line":266,"column":0},"end":{"line":266,"column":35}},"266":{"start":{"line":267,"column":0},"end":{"line":267,"column":16}},"267":{"start":{"line":268,"column":0},"end":{"line":268,"column":38}},"268":{"start":{"line":269,"column":0},"end":{"line":269,"column":35}},"269":{"start":{"line":270,"column":0},"end":{"line":270,"column":19}},"270":{"start":{"line":271,"column":0},"end":{"line":271,"column":49}},"271":{"start":{"line":272,"column":0},"end":{"line":272,"column":5}},"272":{"start":{"line":273,"column":0},"end":{"line":273,"column":18}},"274":{"start":{"line":275,"column":0},"end":{"line":275,"column":48}},"275":{"start":{"line":276,"column":0},"end":{"line":276,"column":58}},"276":{"start":{"line":277,"column":0},"end":{"line":277,"column":42}},"278":{"start":{"line":279,"column":0},"end":{"line":279,"column":40}},"279":{"start":{"line":280,"column":0},"end":{"line":280,"column":33}},"280":{"start":{"line":281,"column":0},"end":{"line":281,"column":5}},"281":{"start":{"line":282,"column":0},"end":{"line":282,"column":92}},"282":{"start":{"line":283,"column":0},"end":{"line":283,"column":36}},"283":{"start":{"line":284,"column":0},"end":{"line":284,"column":5}},"284":{"start":{"line":285,"column":0},"end":{"line":285,"column":52}},"285":{"start":{"line":286,"column":0},"end":{"line":286,"column":36}},"286":{"start":{"line":287,"column":0},"end":{"line":287,"column":5}},"287":{"start":{"line":288,"column":0},"end":{"line":288,"column":30}},"288":{"start":{"line":289,"column":0},"end":{"line":289,"column":4}},"290":{"start":{"line":291,"column":0},"end":{"line":291,"column":45}},"291":{"start":{"line":292,"column":0},"end":{"line":292,"column":42}},"292":{"start":{"line":293,"column":0},"end":{"line":293,"column":70}},"293":{"start":{"line":294,"column":0},"end":{"line":294,"column":54}},"294":{"start":{"line":295,"column":0},"end":{"line":295,"column":4}},"296":{"start":{"line":297,"column":0},"end":{"line":297,"column":64}},"297":{"start":{"line":298,"column":0},"end":{"line":298,"column":73}},"298":{"start":{"line":299,"column":0},"end":{"line":299,"column":14}},"299":{"start":{"line":300,"column":0},"end":{"line":300,"column":44}},"300":{"start":{"line":301,"column":0},"end":{"line":301,"column":64}},"301":{"start":{"line":302,"column":0},"end":{"line":302,"column":14}},"303":{"start":{"line":304,"column":0},"end":{"line":304,"column":5}},"306":{"start":{"line":307,"column":0},"end":{"line":307,"column":12}},"307":{"start":{"line":308,"column":0},"end":{"line":308,"column":41}},"308":{"start":{"line":309,"column":0},"end":{"line":309,"column":38}},"309":{"start":{"line":310,"column":0},"end":{"line":310,"column":12}},"311":{"start":{"line":312,"column":0},"end":{"line":312,"column":4}},"313":{"start":{"line":314,"column":0},"end":{"line":314,"column":33}},"315":{"start":{"line":316,"column":0},"end":{"line":316,"column":50}},"316":{"start":{"line":317,"column":0},"end":{"line":317,"column":46}},"318":{"start":{"line":319,"column":0},"end":{"line":319,"column":10}},"319":{"start":{"line":320,"column":0},"end":{"line":320,"column":8}},"320":{"start":{"line":321,"column":0},"end":{"line":321,"column":22}},"321":{"start":{"line":322,"column":0},"end":{"line":322,"column":67}},"322":{"start":{"line":323,"column":0},"end":{"line":323,"column":43}},"325":{"start":{"line":326,"column":0},"end":{"line":326,"column":10}},"326":{"start":{"line":327,"column":0},"end":{"line":327,"column":75}},"327":{"start":{"line":328,"column":0},"end":{"line":328,"column":37}},"328":{"start":{"line":329,"column":0},"end":{"line":329,"column":8}},"331":{"start":{"line":332,"column":0},"end":{"line":332,"column":38}},"332":{"start":{"line":333,"column":0},"end":{"line":333,"column":32}},"333":{"start":{"line":334,"column":0},"end":{"line":334,"column":12}},"334":{"start":{"line":335,"column":0},"end":{"line":335,"column":26}},"335":{"start":{"line":336,"column":0},"end":{"line":336,"column":94}},"336":{"start":{"line":337,"column":0},"end":{"line":337,"column":29}},"337":{"start":{"line":338,"column":0},"end":{"line":338,"column":21}},"338":{"start":{"line":339,"column":0},"end":{"line":339,"column":13}},"340":{"start":{"line":341,"column":0},"end":{"line":341,"column":12}},"341":{"start":{"line":342,"column":0},"end":{"line":342,"column":76}},"342":{"start":{"line":343,"column":0},"end":{"line":343,"column":37}},"344":{"start":{"line":345,"column":0},"end":{"line":345,"column":21}},"345":{"start":{"line":346,"column":0},"end":{"line":346,"column":94}},"346":{"start":{"line":347,"column":0},"end":{"line":347,"column":29}},"347":{"start":{"line":348,"column":0},"end":{"line":348,"column":21}},"348":{"start":{"line":349,"column":0},"end":{"line":349,"column":13}},"350":{"start":{"line":351,"column":0},"end":{"line":351,"column":12}},"353":{"start":{"line":354,"column":0},"end":{"line":354,"column":39}},"354":{"start":{"line":355,"column":0},"end":{"line":355,"column":32}},"355":{"start":{"line":356,"column":0},"end":{"line":356,"column":12}},"356":{"start":{"line":357,"column":0},"end":{"line":357,"column":27}},"357":{"start":{"line":358,"column":0},"end":{"line":358,"column":69}},"360":{"start":{"line":361,"column":0},"end":{"line":361,"column":23}},"361":{"start":{"line":362,"column":0},"end":{"line":362,"column":45}},"363":{"start":{"line":364,"column":0},"end":{"line":364,"column":20}},"366":{"start":{"line":367,"column":0},"end":{"line":367,"column":38}},"367":{"start":{"line":368,"column":0},"end":{"line":368,"column":16}},"369":{"start":{"line":370,"column":0},"end":{"line":370,"column":56}},"370":{"start":{"line":371,"column":0},"end":{"line":371,"column":31}},"371":{"start":{"line":372,"column":0},"end":{"line":372,"column":43}},"372":{"start":{"line":373,"column":0},"end":{"line":373,"column":58}},"373":{"start":{"line":374,"column":0},"end":{"line":374,"column":27}},"374":{"start":{"line":375,"column":0},"end":{"line":375,"column":20}},"375":{"start":{"line":376,"column":0},"end":{"line":376,"column":22}},"378":{"start":{"line":379,"column":0},"end":{"line":379,"column":46}},"379":{"start":{"line":380,"column":0},"end":{"line":380,"column":25}},"380":{"start":{"line":381,"column":0},"end":{"line":381,"column":46}},"381":{"start":{"line":382,"column":0},"end":{"line":382,"column":74}},"383":{"start":{"line":384,"column":0},"end":{"line":384,"column":95}},"384":{"start":{"line":385,"column":0},"end":{"line":385,"column":44}},"385":{"start":{"line":386,"column":0},"end":{"line":386,"column":47}},"386":{"start":{"line":387,"column":0},"end":{"line":387,"column":78}},"387":{"start":{"line":388,"column":0},"end":{"line":388,"column":50}},"388":{"start":{"line":389,"column":0},"end":{"line":389,"column":29}},"389":{"start":{"line":390,"column":0},"end":{"line":390,"column":52}},"390":{"start":{"line":391,"column":0},"end":{"line":391,"column":41}},"391":{"start":{"line":392,"column":0},"end":{"line":392,"column":46}},"392":{"start":{"line":393,"column":0},"end":{"line":393,"column":56}},"393":{"start":{"line":394,"column":0},"end":{"line":394,"column":26}},"394":{"start":{"line":395,"column":0},"end":{"line":395,"column":51}},"396":{"start":{"line":397,"column":0},"end":{"line":397,"column":45}},"397":{"start":{"line":398,"column":0},"end":{"line":398,"column":31}},"399":{"start":{"line":400,"column":0},"end":{"line":400,"column":27}},"400":{"start":{"line":401,"column":0},"end":{"line":401,"column":40}},"401":{"start":{"line":402,"column":0},"end":{"line":402,"column":47}},"402":{"start":{"line":403,"column":0},"end":{"line":403,"column":53}},"403":{"start":{"line":404,"column":0},"end":{"line":404,"column":80}},"405":{"start":{"line":406,"column":0},"end":{"line":406,"column":53}},"406":{"start":{"line":407,"column":0},"end":{"line":407,"column":30}},"407":{"start":{"line":408,"column":0},"end":{"line":408,"column":43}},"408":{"start":{"line":409,"column":0},"end":{"line":409,"column":49}},"409":{"start":{"line":410,"column":0},"end":{"line":410,"column":65}},"411":{"start":{"line":412,"column":0},"end":{"line":412,"column":80}},"412":{"start":{"line":413,"column":0},"end":{"line":413,"column":55}},"413":{"start":{"line":414,"column":0},"end":{"line":414,"column":74}},"414":{"start":{"line":415,"column":0},"end":{"line":415,"column":90}},"415":{"start":{"line":416,"column":0},"end":{"line":416,"column":34}},"416":{"start":{"line":417,"column":0},"end":{"line":417,"column":35}},"417":{"start":{"line":418,"column":0},"end":{"line":418,"column":59}},"418":{"start":{"line":419,"column":0},"end":{"line":419,"column":74}},"419":{"start":{"line":420,"column":0},"end":{"line":420,"column":46}},"421":{"start":{"line":422,"column":0},"end":{"line":422,"column":52}},"422":{"start":{"line":423,"column":0},"end":{"line":423,"column":37}},"423":{"start":{"line":424,"column":0},"end":{"line":424,"column":41}},"424":{"start":{"line":425,"column":0},"end":{"line":425,"column":37}},"425":{"start":{"line":426,"column":0},"end":{"line":426,"column":59}},"426":{"start":{"line":427,"column":0},"end":{"line":427,"column":74}},"427":{"start":{"line":428,"column":0},"end":{"line":428,"column":59}},"428":{"start":{"line":429,"column":0},"end":{"line":429,"column":71}},"430":{"start":{"line":431,"column":0},"end":{"line":431,"column":52}},"431":{"start":{"line":432,"column":0},"end":{"line":432,"column":39}},"433":{"start":{"line":434,"column":0},"end":{"line":434,"column":32}},"434":{"start":{"line":435,"column":0},"end":{"line":435,"column":26}},"436":{"start":{"line":437,"column":0},"end":{"line":437,"column":26}},"438":{"start":{"line":439,"column":0},"end":{"line":439,"column":22}},"441":{"start":{"line":442,"column":0},"end":{"line":442,"column":46}},"442":{"start":{"line":443,"column":0},"end":{"line":443,"column":25}},"443":{"start":{"line":444,"column":0},"end":{"line":444,"column":46}},"444":{"start":{"line":445,"column":0},"end":{"line":445,"column":70}},"446":{"start":{"line":447,"column":0},"end":{"line":447,"column":93}},"447":{"start":{"line":448,"column":0},"end":{"line":448,"column":44}},"448":{"start":{"line":449,"column":0},"end":{"line":449,"column":45}},"449":{"start":{"line":450,"column":0},"end":{"line":450,"column":76}},"450":{"start":{"line":451,"column":0},"end":{"line":451,"column":48}},"451":{"start":{"line":452,"column":0},"end":{"line":452,"column":29}},"452":{"start":{"line":453,"column":0},"end":{"line":453,"column":52}},"453":{"start":{"line":454,"column":0},"end":{"line":454,"column":41}},"454":{"start":{"line":455,"column":0},"end":{"line":455,"column":46}},"455":{"start":{"line":456,"column":0},"end":{"line":456,"column":54}},"456":{"start":{"line":457,"column":0},"end":{"line":457,"column":26}},"457":{"start":{"line":458,"column":0},"end":{"line":458,"column":51}},"459":{"start":{"line":460,"column":0},"end":{"line":460,"column":45}},"460":{"start":{"line":461,"column":0},"end":{"line":461,"column":31}},"462":{"start":{"line":463,"column":0},"end":{"line":463,"column":27}},"463":{"start":{"line":464,"column":0},"end":{"line":464,"column":38}},"464":{"start":{"line":465,"column":0},"end":{"line":465,"column":47}},"465":{"start":{"line":466,"column":0},"end":{"line":466,"column":51}},"466":{"start":{"line":467,"column":0},"end":{"line":467,"column":82}},"468":{"start":{"line":469,"column":0},"end":{"line":469,"column":51}},"469":{"start":{"line":470,"column":0},"end":{"line":470,"column":78}},"470":{"start":{"line":471,"column":0},"end":{"line":471,"column":82}},"471":{"start":{"line":472,"column":0},"end":{"line":472,"column":76}},"472":{"start":{"line":473,"column":0},"end":{"line":473,"column":34}},"473":{"start":{"line":474,"column":0},"end":{"line":474,"column":32}},"474":{"start":{"line":475,"column":0},"end":{"line":475,"column":45}},"475":{"start":{"line":476,"column":0},"end":{"line":476,"column":51}},"476":{"start":{"line":477,"column":0},"end":{"line":477,"column":67}},"478":{"start":{"line":479,"column":0},"end":{"line":479,"column":82}},"479":{"start":{"line":480,"column":0},"end":{"line":480,"column":57}},"480":{"start":{"line":481,"column":0},"end":{"line":481,"column":76}},"481":{"start":{"line":482,"column":0},"end":{"line":482,"column":92}},"482":{"start":{"line":483,"column":0},"end":{"line":483,"column":36}},"483":{"start":{"line":484,"column":0},"end":{"line":484,"column":37}},"484":{"start":{"line":485,"column":0},"end":{"line":485,"column":93}},"485":{"start":{"line":486,"column":0},"end":{"line":486,"column":79}},"486":{"start":{"line":487,"column":0},"end":{"line":487,"column":96}},"487":{"start":{"line":488,"column":0},"end":{"line":488,"column":68}},"489":{"start":{"line":490,"column":0},"end":{"line":490,"column":89}},"490":{"start":{"line":491,"column":0},"end":{"line":491,"column":39}},"491":{"start":{"line":492,"column":0},"end":{"line":492,"column":37}},"492":{"start":{"line":493,"column":0},"end":{"line":493,"column":61}},"493":{"start":{"line":494,"column":0},"end":{"line":494,"column":76}},"494":{"start":{"line":495,"column":0},"end":{"line":495,"column":48}},"496":{"start":{"line":497,"column":0},"end":{"line":497,"column":54}},"497":{"start":{"line":498,"column":0},"end":{"line":498,"column":39}},"498":{"start":{"line":499,"column":0},"end":{"line":499,"column":34}},"500":{"start":{"line":501,"column":0},"end":{"line":501,"column":26}},"502":{"start":{"line":503,"column":0},"end":{"line":503,"column":26}},"504":{"start":{"line":505,"column":0},"end":{"line":505,"column":22}},"505":{"start":{"line":506,"column":0},"end":{"line":506,"column":17}},"507":{"start":{"line":508,"column":0},"end":{"line":508,"column":13}},"510":{"start":{"line":511,"column":0},"end":{"line":511,"column":39}},"511":{"start":{"line":512,"column":0},"end":{"line":512,"column":48}},"512":{"start":{"line":513,"column":0},"end":{"line":513,"column":74}},"513":{"start":{"line":514,"column":0},"end":{"line":514,"column":21}},"514":{"start":{"line":515,"column":0},"end":{"line":515,"column":48}},"515":{"start":{"line":516,"column":0},"end":{"line":516,"column":80}},"516":{"start":{"line":517,"column":0},"end":{"line":517,"column":37}},"518":{"start":{"line":519,"column":0},"end":{"line":519,"column":38}},"519":{"start":{"line":520,"column":0},"end":{"line":520,"column":23}},"520":{"start":{"line":521,"column":0},"end":{"line":521,"column":18}},"521":{"start":{"line":522,"column":0},"end":{"line":522,"column":49}},"522":{"start":{"line":523,"column":0},"end":{"line":523,"column":35}},"523":{"start":{"line":524,"column":0},"end":{"line":524,"column":82}},"524":{"start":{"line":525,"column":0},"end":{"line":525,"column":33}},"525":{"start":{"line":526,"column":0},"end":{"line":526,"column":46}},"527":{"start":{"line":528,"column":0},"end":{"line":528,"column":84}},"529":{"start":{"line":530,"column":0},"end":{"line":530,"column":18}},"530":{"start":{"line":531,"column":0},"end":{"line":531,"column":16}},"532":{"start":{"line":533,"column":0},"end":{"line":533,"column":12}},"533":{"start":{"line":534,"column":0},"end":{"line":534,"column":10}},"535":{"start":{"line":536,"column":0},"end":{"line":536,"column":1}},"538":{"start":{"line":539,"column":0},"end":{"line":539,"column":41}},"539":{"start":{"line":540,"column":0},"end":{"line":540,"column":59}},"540":{"start":{"line":541,"column":0},"end":{"line":541,"column":16}},"541":{"start":{"line":542,"column":0},"end":{"line":542,"column":14}},"542":{"start":{"line":543,"column":0},"end":{"line":543,"column":3}},"543":{"start":{"line":544,"column":0},"end":{"line":544,"column":1}}},"s":{"0":0,"34":0,"46":0,"47":0,"48":0,"49":0,"50":0,"51":0,"52":0,"53":0,"54":0,"55":0,"56":0,"57":0,"60":0,"61":0,"62":0,"63":0,"64":0,"65":0,"68":0,"69":0,"72":0,"73":0,"74":0,"75":0,"76":0,"78":0,"79":0,"80":0,"81":0,"82":0,"83":0,"84":0,"85":0,"88":0,"89":0,"90":0,"91":0,"92":0,"93":0,"96":0,"97":0,"98":0,"99":0,"101":0,"102":0,"104":0,"105":0,"107":0,"108":0,"111":0,"112":0,"113":0,"115":0,"116":0,"118":0,"119":0,"121":0,"122":0,"125":0,"126":0,"128":0,"129":0,"130":0,"131":0,"132":0,"133":0,"134":0,"137":0,"138":0,"139":0,"140":0,"141":0,"142":0,"143":0,"144":0,"145":0,"146":0,"147":0,"148":0,"151":0,"152":0,"153":0,"155":0,"156":0,"157":0,"158":0,"160":0,"161":0,"162":0,"165":0,"166":0,"167":0,"168":0,"170":0,"172":0,"174":0,"175":0,"176":0,"178":0,"179":0,"180":0,"181":0,"182":0,"183":0,"184":0,"185":0,"186":0,"189":0,"190":0,"191":0,"193":0,"194":0,"195":0,"196":0,"198":0,"199":0,"200":0,"201":0,"202":0,"203":0,"204":0,"205":0,"206":0,"207":0,"210":0,"211":0,"212":0,"213":0,"214":0,"215":0,"216":0,"217":0,"218":0,"221":0,"222":0,"224":0,"225":0,"226":0,"227":0,"228":0,"229":0,"231":0,"232":0,"233":0,"234":0,"236":0,"237":0,"238":0,"239":0,"241":0,"242":0,"243":0,"244":0,"245":0,"246":0,"247":0,"248":0,"249":0,"250":0,"251":0,"252":0,"253":0,"254":0,"255":0,"256":0,"258":0,"259":0,"260":0,"261":0,"262":0,"263":0,"264":0,"265":0,"266":0,"267":0,"268":0,"269":0,"270":0,"271":0,"272":0,"274":0,"275":0,"276":0,"278":0,"279":0,"280":0,"281":0,"282":0,"283":0,"284":0,"285":0,"286":0,"287":0,"288":0,"290":0,"291":0,"292":0,"293":0,"294":0,"296":0,"297":0,"298":0,"299":0,"300":0,"301":0,"303":0,"306":0,"307":0,"308":0,"309":0,"311":0,"313":0,"315":0,"316":0,"318":0,"319":0,"320":0,"321":0,"322":0,"325":0,"326":0,"327":0,"328":0,"331":0,"332":0,"333":0,"334":0,"335":0,"336":0,"337":0,"338":0,"340":0,"341":0,"342":0,"344":0,"345":0,"346":0,"347":0,"348":0,"350":0,"353":0,"354":0,"355":0,"356":0,"357":0,"360":0,"361":0,"363":0,"366":0,"367":0,"369":0,"370":0,"371":0,"372":0,"373":0,"374":0,"375":0,"378":0,"379":0,"380":0,"381":0,"383":0,"384":0,"385":0,"386":0,"387":0,"388":0,"389":0,"390":0,"391":0,"392":0,"393":0,"394":0,"396":0,"397":0,"399":0,"400":0,"401":0,"402":0,"403":0,"405":0,"406":0,"407":0,"408":0,"409":0,"411":0,"412":0,"413":0,"414":0,"415":0,"416":0,"417":0,"418":0,"419":0,"421":0,"422":0,"423":0,"424":0,"425":0,"426":0,"427":0,"428":0,"430":0,"431":0,"433":0,"434":0,"436":0,"438":0,"441":0,"442":0,"443":0,"444":0,"446":0,"447":0,"448":0,"449":0,"450":0,"451":0,"452":0,"453":0,"454":0,"455":0,"456":0,"457":0,"459":0,"460":0,"462":0,"463":0,"464":0,"465":0,"466":0,"468":0,"469":0,"470":0,"471":0,"472":0,"473":0,"474":0,"475":0,"476":0,"478":0,"479":0,"480":0,"481":0,"482":0,"483":0,"484":0,"485":0,"486":0,"487":0,"489":0,"490":0,"491":0,"492":0,"493":0,"494":0,"496":0,"497":0,"498":0,"500":0,"502":0,"504":0,"505":0,"507":0,"510":0,"511":0,"512":0,"513":0,"514":0,"515":0,"516":0,"518":0,"519":0,"520":0,"521":0,"522":0,"523":0,"524":0,"525":0,"527":0,"529":0,"530":0,"532":0,"533":0,"535":0,"538":0,"539":0,"540":0,"541":0,"542":0,"543":0},"branchMap":{"0":{"type":"branch","line":1,"loc":{"start":{"line":1,"column":0},"end":{"line":544,"column":-6923}},"locations":[{"start":{"line":1,"column":0},"end":{"line":544,"column":-6923}}]}},"b":{"0":[0]},"fnMap":{"0":{"name":"(empty-report)","decl":{"start":{"line":1,"column":0},"end":{"line":544,"column":-6923}},"loc":{"start":{"line":1,"column":0},"end":{"line":544,"column":-6923}},"line":1}},"f":{"0":0}}
,"/Users/ziyang/Documents/open-codex-gui/frontend/src/components/ChatFileSidebar/index.ts": {"path":"/Users/ziyang/Documents/open-codex-gui/frontend/src/components/ChatFileSidebar/index.ts","all":true,"statementMap":{"0":{"start":{"line":1,"column":0},"end":{"line":1,"column":86}}},"s":{"0":0},"branchMap":{"0":{"type":"branch","line":1,"loc":{"start":{"line":1,"column":0},"end":{"line":1,"column":86}},"locations":[{"start":{"line":1,"column":0},"end":{"line":1,"column":86}}]}},"b":{"0":[0]},"fnMap":{"0":{"name":"(empty-report)","decl":{"start":{"line":1,"column":0},"end":{"line":1,"column":86}},"loc":{"start":{"line":1,"column":0},"end":{"line":1,"column":86}},"line":1}},"f":{"0":0}}
,"/Users/ziyang/Documents/open-codex-gui/frontend/src/components/ProjectList/NewProjectModal.tsx": {"path":"/Users/ziyang/Documents/open-codex-gui/frontend/src/components/ProjectList/NewProjectModal.tsx","all":false,"statementMap":{"0":{"start":{"line":1,"column":0},"end":{"line":1,"column":33}},"9":{"start":{"line":10,"column":0},"end":{"line":10,"column":76}},"10":{"start":{"line":11,"column":0},"end":{"line":11,"column":39}},"11":{"start":{"line":12,"column":0},"end":{"line":12,"column":39}},"12":{"start":{"line":13,"column":0},"end":{"line":13,"column":53}},"14":{"start":{"line":15,"column":0},"end":{"line":15,"column":38}},"15":{"start":{"line":16,"column":0},"end":{"line":16,"column":35}},"16":{"start":{"line":17,"column":0},"end":{"line":17,"column":22}},"17":{"start":{"line":18,"column":0},"end":{"line":18,"column":64}},"18":{"start":{"line":19,"column":0},"end":{"line":19,"column":16}},"19":{"start":{"line":20,"column":0},"end":{"line":20,"column":6}},"20":{"start":{"line":21,"column":0},"end":{"line":21,"column":5}},"22":{"start":{"line":23,"column":0},"end":{"line":23,"column":48}},"23":{"start":{"line":24,"column":0},"end":{"line":24,"column":23}},"24":{"start":{"line":25,"column":0},"end":{"line":25,"column":22}},"25":{"start":{"line":26,"column":0},"end":{"line":26,"column":29}},"26":{"start":{"line":27,"column":0},"end":{"line":27,"column":26}},"27":{"start":{"line":28,"column":0},"end":{"line":28,"column":53}},"28":{"start":{"line":29,"column":0},"end":{"line":29,"column":9}},"29":{"start":{"line":30,"column":0},"end":{"line":30,"column":5}},"30":{"start":{"line":31,"column":0},"end":{"line":31,"column":4}},"32":{"start":{"line":33,"column":0},"end":{"line":33,"column":10}},"33":{"start":{"line":34,"column":0},"end":{"line":34,"column":53}},"34":{"start":{"line":35,"column":0},"end":{"line":35,"column":74}},"35":{"start":{"line":36,"column":0},"end":{"line":36,"column":38}},"36":{"start":{"line":37,"column":0},"end":{"line":37,"column":37}},"37":{"start":{"line":38,"column":0},"end":{"line":38,"column":64}},"39":{"start":{"line":40,"column":0},"end":{"line":40,"column":19}},"40":{"start":{"line":41,"column":0},"end":{"line":41,"column":14}},"42":{"start":{"line":43,"column":0},"end":{"line":43,"column":38}},"43":{"start":{"line":44,"column":0},"end":{"line":44,"column":38}},"44":{"start":{"line":45,"column":0},"end":{"line":45,"column":64}},"45":{"start":{"line":46,"column":0},"end":{"line":46,"column":18}},"46":{"start":{"line":47,"column":0},"end":{"line":47,"column":31}},"47":{"start":{"line":48,"column":0},"end":{"line":48,"column":25}},"48":{"start":{"line":49,"column":0},"end":{"line":49,"column":26}},"49":{"start":{"line":50,"column":0},"end":{"line":50,"column":55}},"50":{"start":{"line":51,"column":0},"end":{"line":51,"column":46}},"51":{"start":{"line":52,"column":0},"end":{"line":52,"column":22}},"52":{"start":{"line":53,"column":0},"end":{"line":53,"column":23}},"53":{"start":{"line":54,"column":0},"end":{"line":54,"column":14}},"54":{"start":{"line":55,"column":0},"end":{"line":55,"column":16}},"56":{"start":{"line":57,"column":0},"end":{"line":57,"column":38}},"57":{"start":{"line":58,"column":0},"end":{"line":58,"column":68}},"58":{"start":{"line":59,"column":0},"end":{"line":59,"column":21}},"59":{"start":{"line":60,"column":0},"end":{"line":60,"column":38}},"60":{"start":{"line":61,"column":0},"end":{"line":61,"column":33}},"61":{"start":{"line":62,"column":0},"end":{"line":62,"column":62}},"62":{"start":{"line":63,"column":0},"end":{"line":63,"column":64}},"63":{"start":{"line":64,"column":0},"end":{"line":64,"column":22}},"64":{"start":{"line":65,"column":0},"end":{"line":65,"column":14}},"65":{"start":{"line":66,"column":0},"end":{"line":66,"column":16}},"67":{"start":{"line":68,"column":0},"end":{"line":68,"column":38}},"68":{"start":{"line":69,"column":0},"end":{"line":69,"column":43}},"69":{"start":{"line":70,"column":0},"end":{"line":70,"column":76}},"70":{"start":{"line":71,"column":0},"end":{"line":71,"column":46}},"71":{"start":{"line":72,"column":0},"end":{"line":72,"column":34}},"72":{"start":{"line":73,"column":0},"end":{"line":73,"column":18}},"75":{"start":{"line":76,"column":0},"end":{"line":76,"column":40}},"76":{"start":{"line":77,"column":0},"end":{"line":77,"column":19}},"77":{"start":{"line":78,"column":0},"end":{"line":78,"column":27}},"78":{"start":{"line":79,"column":0},"end":{"line":79,"column":39}},"79":{"start":{"line":80,"column":0},"end":{"line":80,"column":31}},"80":{"start":{"line":81,"column":0},"end":{"line":81,"column":49}},"81":{"start":{"line":82,"column":0},"end":{"line":82,"column":13}},"83":{"start":{"line":84,"column":0},"end":{"line":84,"column":21}},"84":{"start":{"line":85,"column":0},"end":{"line":85,"column":19}},"85":{"start":{"line":86,"column":0},"end":{"line":86,"column":27}},"86":{"start":{"line":87,"column":0},"end":{"line":87,"column":37}},"87":{"start":{"line":88,"column":0},"end":{"line":88,"column":65}},"89":{"start":{"line":90,"column":0},"end":{"line":90,"column":75}},"90":{"start":{"line":91,"column":0},"end":{"line":91,"column":21}},"91":{"start":{"line":92,"column":0},"end":{"line":92,"column":16}},"92":{"start":{"line":93,"column":0},"end":{"line":93,"column":15}},"93":{"start":{"line":94,"column":0},"end":{"line":94,"column":12}},"94":{"start":{"line":95,"column":0},"end":{"line":95,"column":10}},"96":{"start":{"line":97,"column":0},"end":{"line":97,"column":1}}},"s":{"0":1,"9":121,"10":121,"11":121,"12":121,"14":121,"15":121,"16":121,"17":4,"18":4,"19":4,"20":121,"22":121,"23":6,"24":6,"25":6,"26":6,"27":6,"28":6,"29":6,"30":6,"32":121,"33":121,"34":121,"35":121,"36":121,"37":121,"39":121,"40":121,"42":121,"43":121,"44":121,"45":121,"46":121,"47":121,"48":121,"49":121,"50":121,"51":121,"52":121,"53":121,"54":121,"56":121,"57":121,"58":121,"59":121,"60":121,"61":121,"62":121,"63":121,"64":121,"65":121,"67":121,"68":1,"69":1,"70":1,"71":0,"72":1,"75":121,"76":121,"77":121,"78":121,"79":121,"80":121,"81":121,"83":121,"84":121,"85":121,"86":121,"87":121,"89":121,"90":121,"91":121,"92":121,"93":121,"94":121,"96":121},"branchMap":{"0":{"type":"branch","line":10,"loc":{"start":{"line":10,"column":0},"end":{"line":97,"column":1}},"locations":[{"start":{"line":10,"column":0},"end":{"line":97,"column":1}}]},"1":{"type":"branch","line":68,"loc":{"start":{"line":68,"column":26},"end":{"line":73,"column":18}},"locations":[{"start":{"line":68,"column":26},"end":{"line":73,"column":18}}]},"2":{"type":"branch","line":71,"loc":{"start":{"line":71,"column":39},"end":{"line":72,"column":34}},"locations":[{"start":{"line":71,"column":39},"end":{"line":72,"column":34}}]},"3":{"type":"branch","line":88,"loc":{"start":{"line":88,"column":35},"end":{"line":88,"column":65}},"locations":[{"start":{"line":88,"column":35},"end":{"line":88,"column":65}}]},"4":{"type":"branch","line":90,"loc":{"start":{"line":90,"column":30},"end":{"line":90,"column":58}},"locations":[{"start":{"line":90,"column":30},"end":{"line":90,"column":58}}]},"5":{"type":"branch","line":90,"loc":{"start":{"line":90,"column":42},"end":{"line":90,"column":75}},"locations":[{"start":{"line":90,"column":42},"end":{"line":90,"column":75}}]},"6":{"type":"branch","line":17,"loc":{"start":{"line":17,"column":15},"end":{"line":20,"column":6}},"locations":[{"start":{"line":17,"column":15},"end":{"line":20,"column":6}}]},"7":{"type":"branch","line":23,"loc":{"start":{"line":23,"column":23},"end":{"line":31,"column":4}},"locations":[{"start":{"line":23,"column":23},"end":{"line":31,"column":4}}]},"8":{"type":"branch","line":28,"loc":{"start":{"line":28,"column":38},"end":{"line":28,"column":53}},"locations":[{"start":{"line":28,"column":38},"end":{"line":28,"column":53}}]},"9":{"type":"branch","line":35,"loc":{"start":{"line":35,"column":46},"end":{"line":35,"column":74}},"locations":[{"start":{"line":35,"column":46},"end":{"line":35,"column":74}}]},"10":{"type":"branch","line":50,"loc":{"start":{"line":50,"column":24},"end":{"line":50,"column":55}},"locations":[{"start":{"line":50,"column":24},"end":{"line":50,"column":55}}]},"11":{"type":"branch","line":62,"loc":{"start":{"line":62,"column":24},"end":{"line":62,"column":62}},"locations":[{"start":{"line":62,"column":24},"end":{"line":62,"column":62}}]}},"b":{"0":[121],"1":[1],"2":[0],"3":[96],"4":[1],"5":[120],"6":[4],"7":[6],"8":[5],"9":[18],"10":[79],"11":[16]},"fnMap":{"0":{"name":"NewProjectModal","decl":{"start":{"line":10,"column":0},"end":{"line":97,"column":1}},"loc":{"start":{"line":10,"column":0},"end":{"line":97,"column":1}},"line":10},"1":{"name":"onSuccess","decl":{"start":{"line":17,"column":15},"end":{"line":20,"column":6}},"loc":{"start":{"line":17,"column":15},"end":{"line":20,"column":6}},"line":17},"2":{"name":"handleSubmit","decl":{"start":{"line":23,"column":23},"end":{"line":31,"column":4}},"loc":{"start":{"line":23,"column":23},"end":{"line":31,"column":4}},"line":23},"3":{"name":"onClick","decl":{"start":{"line":35,"column":46},"end":{"line":35,"column":74}},"loc":{"start":{"line":35,"column":46},"end":{"line":35,"column":74}},"line":35},"4":{"name":"onChange","decl":{"start":{"line":50,"column":24},"end":{"line":50,"column":55}},"loc":{"start":{"line":50,"column":24},"end":{"line":50,"column":55}},"line":50},"5":{"name":"onChange","decl":{"start":{"line":62,"column":24},"end":{"line":62,"column":62}},"loc":{"start":{"line":62,"column":24},"end":{"line":62,"column":62}},"line":62}},"f":{"0":121,"1":4,"2":6,"3":18,"4":79,"5":16}}
,"/Users/ziyang/Documents/open-codex-gui/frontend/src/components/ProjectList/ProjectCard.tsx": {"path":"/Users/ziyang/Documents/open-codex-gui/frontend/src/components/ProjectList/ProjectCard.tsx","all":false,"statementMap":{"0":{"start":{"line":1,"column":0},"end":{"line":1,"column":47}},"9":{"start":{"line":10,"column":0},"end":{"line":10,"column":78}},"10":{"start":{"line":11,"column":0},"end":{"line":11,"column":33}},"12":{"start":{"line":13,"column":0},"end":{"line":13,"column":46}},"13":{"start":{"line":14,"column":0},"end":{"line":14,"column":38}},"14":{"start":{"line":15,"column":0},"end":{"line":15,"column":45}},"15":{"start":{"line":16,"column":0},"end":{"line":16,"column":22}},"16":{"start":{"line":17,"column":0},"end":{"line":17,"column":21}},"17":{"start":{"line":18,"column":0},"end":{"line":18,"column":21}},"18":{"start":{"line":19,"column":0},"end":{"line":19,"column":7}},"19":{"start":{"line":20,"column":0},"end":{"line":20,"column":4}},"21":{"start":{"line":22,"column":0},"end":{"line":22,"column":29}},"22":{"start":{"line":23,"column":0},"end":{"line":23,"column":40}},"23":{"start":{"line":24,"column":0},"end":{"line":24,"column":4}},"25":{"start":{"line":26,"column":0},"end":{"line":26,"column":10}},"26":{"start":{"line":27,"column":0},"end":{"line":27,"column":56}},"27":{"start":{"line":28,"column":0},"end":{"line":28,"column":43}},"28":{"start":{"line":29,"column":0},"end":{"line":29,"column":56}},"29":{"start":{"line":30,"column":0},"end":{"line":30,"column":15}},"30":{"start":{"line":31,"column":0},"end":{"line":31,"column":32}},"31":{"start":{"line":32,"column":0},"end":{"line":32,"column":27}},"32":{"start":{"line":33,"column":0},"end":{"line":33,"column":32}},"33":{"start":{"line":34,"column":0},"end":{"line":34,"column":23}},"34":{"start":{"line":35,"column":0},"end":{"line":35,"column":12}},"35":{"start":{"line":36,"column":0},"end":{"line":36,"column":32}},"36":{"start":{"line":37,"column":0},"end":{"line":37,"column":9}},"38":{"start":{"line":39,"column":0},"end":{"line":39,"column":17}},"39":{"start":{"line":40,"column":0},"end":{"line":40,"column":12}},"41":{"start":{"line":42,"column":0},"end":{"line":42,"column":41}},"42":{"start":{"line":43,"column":0},"end":{"line":43,"column":49}},"43":{"start":{"line":44,"column":0},"end":{"line":44,"column":10}},"45":{"start":{"line":46,"column":0},"end":{"line":46,"column":43}},"46":{"start":{"line":47,"column":0},"end":{"line":47,"column":39}},"47":{"start":{"line":48,"column":0},"end":{"line":48,"column":50}},"48":{"start":{"line":49,"column":0},"end":{"line":49,"column":15}},"49":{"start":{"line":50,"column":0},"end":{"line":50,"column":12}},"50":{"start":{"line":51,"column":0},"end":{"line":51,"column":10}},"52":{"start":{"line":53,"column":0},"end":{"line":53,"column":1}}},"s":{"0":1,"9":55,"10":55,"12":55,"13":55,"14":55,"15":55,"16":55,"17":55,"18":55,"19":55,"21":55,"22":1,"23":1,"25":55,"26":55,"27":55,"28":55,"29":55,"30":55,"31":55,"32":4,"33":4,"34":4,"35":55,"36":55,"38":55,"39":55,"41":55,"42":55,"43":55,"45":55,"46":55,"47":55,"48":55,"49":55,"50":55,"52":55},"branchMap":{"0":{"type":"branch","line":10,"loc":{"start":{"line":10,"column":0},"end":{"line":53,"column":1}},"locations":[{"start":{"line":10,"column":0},"end":{"line":53,"column":1}}]},"1":{"type":"branch","line":43,"loc":{"start":{"line":43,"column":17},"end":{"line":43,"column":49}},"locations":[{"start":{"line":43,"column":17},"end":{"line":43,"column":49}}]},"2":{"type":"branch","line":13,"loc":{"start":{"line":13,"column":21},"end":{"line":20,"column":4}},"locations":[{"start":{"line":13,"column":21},"end":{"line":20,"column":4}}]},"3":{"type":"branch","line":22,"loc":{"start":{"line":22,"column":22},"end":{"line":24,"column":4}},"locations":[{"start":{"line":22,"column":22},"end":{"line":24,"column":4}}]},"4":{"type":"branch","line":32,"loc":{"start":{"line":32,"column":19},"end":{"line":35,"column":12}},"locations":[{"start":{"line":32,"column":19},"end":{"line":35,"column":12}}]}},"b":{"0":[55],"1":[1],"2":[55],"3":[1],"4":[4]},"fnMap":{"0":{"name":"ProjectCard","decl":{"start":{"line":10,"column":0},"end":{"line":53,"column":1}},"loc":{"start":{"line":10,"column":0},"end":{"line":53,"column":1}},"line":10},"1":{"name":"formatDate","decl":{"start":{"line":13,"column":21},"end":{"line":20,"column":4}},"loc":{"start":{"line":13,"column":21},"end":{"line":20,"column":4}},"line":13},"2":{"name":"handleClick","decl":{"start":{"line":22,"column":22},"end":{"line":24,"column":4}},"loc":{"start":{"line":22,"column":22},"end":{"line":24,"column":4}},"line":22},"3":{"name":"onClick","decl":{"start":{"line":32,"column":19},"end":{"line":35,"column":12}},"loc":{"start":{"line":32,"column":19},"end":{"line":35,"column":12}},"line":32}},"f":{"0":55,"1":55,"2":1,"3":4}}
,"/Users/ziyang/Documents/open-codex-gui/frontend/src/components/ProjectList/ProjectList.tsx": {"path":"/Users/ziyang/Documents/open-codex-gui/frontend/src/components/ProjectList/ProjectList.tsx","all":false,"statementMap":{"0":{"start":{"line":1,"column":0},"end":{"line":1,"column":33}},"10":{"start":{"line":11,"column":0},"end":{"line":11,"column":39}},"11":{"start":{"line":12,"column":0},"end":{"line":12,"column":33}},"12":{"start":{"line":13,"column":0},"end":{"line":13,"column":39}},"13":{"start":{"line":14,"column":0},"end":{"line":14,"column":53}},"14":{"start":{"line":15,"column":0},"end":{"line":15,"column":79}},"17":{"start":{"line":18,"column":0},"end":{"line":18,"column":47}},"18":{"start":{"line":19,"column":0},"end":{"line":19,"column":27}},"19":{"start":{"line":20,"column":0},"end":{"line":20,"column":30}},"20":{"start":{"line":21,"column":0},"end":{"line":21,"column":5}},"23":{"start":{"line":24,"column":0},"end":{"line":24,"column":38}},"24":{"start":{"line":25,"column":0},"end":{"line":25,"column":35}},"25":{"start":{"line":26,"column":0},"end":{"line":26,"column":22}},"26":{"start":{"line":27,"column":0},"end":{"line":27,"column":64}},"27":{"start":{"line":28,"column":0},"end":{"line":28,"column":6}},"28":{"start":{"line":29,"column":0},"end":{"line":29,"column":5}},"31":{"start":{"line":32,"column":0},"end":{"line":32,"column":61}},"32":{"start":{"line":33,"column":0},"end":{"line":33,"column":69}},"33":{"start":{"line":34,"column":0},"end":{"line":34,"column":74}},"34":{"start":{"line":35,"column":0},"end":{"line":35,"column":10}},"36":{"start":{"line":37,"column":0},"end":{"line":37,"column":47}},"37":{"start":{"line":38,"column":0},"end":{"line":38,"column":67}},"38":{"start":{"line":39,"column":0},"end":{"line":39,"column":32}},"39":{"start":{"line":40,"column":0},"end":{"line":40,"column":5}},"40":{"start":{"line":41,"column":0},"end":{"line":41,"column":4}},"42":{"start":{"line":43,"column":0},"end":{"line":43,"column":10}},"43":{"start":{"line":44,"column":0},"end":{"line":44,"column":44}},"44":{"start":{"line":45,"column":0},"end":{"line":45,"column":43}},"45":{"start":{"line":46,"column":0},"end":{"line":46,"column":25}},"46":{"start":{"line":47,"column":0},"end":{"line":47,"column":40}},"47":{"start":{"line":48,"column":0},"end":{"line":48,"column":17}},"48":{"start":{"line":49,"column":0},"end":{"line":49,"column":36}},"49":{"start":{"line":50,"column":0},"end":{"line":50,"column":49}},"50":{"start":{"line":51,"column":0},"end":{"line":51,"column":35}},"51":{"start":{"line":52,"column":0},"end":{"line":52,"column":11}},"53":{"start":{"line":54,"column":0},"end":{"line":54,"column":19}},"54":{"start":{"line":55,"column":0},"end":{"line":55,"column":17}},"55":{"start":{"line":56,"column":0},"end":{"line":56,"column":42}},"56":{"start":{"line":57,"column":0},"end":{"line":57,"column":59}},"57":{"start":{"line":58,"column":0},"end":{"line":58,"column":11}},"59":{"start":{"line":60,"column":0},"end":{"line":60,"column":19}},"60":{"start":{"line":61,"column":0},"end":{"line":61,"column":14}},"61":{"start":{"line":62,"column":0},"end":{"line":62,"column":12}},"63":{"start":{"line":64,"column":0},"end":{"line":64,"column":69}},"65":{"start":{"line":66,"column":0},"end":{"line":66,"column":21}},"66":{"start":{"line":67,"column":0},"end":{"line":67,"column":58}},"69":{"start":{"line":70,"column":0},"end":{"line":70,"column":17}},"70":{"start":{"line":71,"column":0},"end":{"line":71,"column":31}},"71":{"start":{"line":72,"column":0},"end":{"line":72,"column":92}},"72":{"start":{"line":73,"column":0},"end":{"line":73,"column":14}},"75":{"start":{"line":76,"column":0},"end":{"line":76,"column":37}},"76":{"start":{"line":77,"column":0},"end":{"line":77,"column":44}},"77":{"start":{"line":78,"column":0},"end":{"line":78,"column":22}},"78":{"start":{"line":79,"column":0},"end":{"line":79,"column":28}},"79":{"start":{"line":80,"column":0},"end":{"line":80,"column":29}},"80":{"start":{"line":81,"column":0},"end":{"line":81,"column":60}},"81":{"start":{"line":82,"column":0},"end":{"line":82,"column":12}},"82":{"start":{"line":83,"column":0},"end":{"line":83,"column":11}},"84":{"start":{"line":85,"column":0},"end":{"line":85,"column":57}},"85":{"start":{"line":86,"column":0},"end":{"line":86,"column":39}},"86":{"start":{"line":87,"column":0},"end":{"line":87,"column":24}},"87":{"start":{"line":88,"column":0},"end":{"line":88,"column":57}},"88":{"start":{"line":89,"column":0},"end":{"line":89,"column":77}},"89":{"start":{"line":90,"column":0},"end":{"line":90,"column":16}},"91":{"start":{"line":92,"column":0},"end":{"line":92,"column":12}},"93":{"start":{"line":94,"column":0},"end":{"line":94,"column":36}},"94":{"start":{"line":95,"column":0},"end":{"line":95,"column":24}},"95":{"start":{"line":96,"column":0},"end":{"line":96,"column":58}},"96":{"start":{"line":97,"column":0},"end":{"line":97,"column":10}},"98":{"start":{"line":99,"column":0},"end":{"line":99,"column":10}},"100":{"start":{"line":101,"column":0},"end":{"line":101,"column":1}}},"s":{"0":1,"10":56,"11":56,"12":56,"13":56,"14":56,"17":56,"18":56,"19":56,"20":56,"23":56,"24":56,"25":56,"26":1,"27":1,"28":56,"31":56,"32":72,"33":51,"34":56,"36":56,"37":2,"38":1,"39":1,"40":2,"42":56,"43":56,"44":56,"45":56,"46":56,"47":56,"48":56,"49":56,"50":56,"51":56,"53":56,"54":56,"55":56,"56":56,"57":56,"59":56,"60":56,"61":56,"63":56,"65":56,"66":15,"69":56,"70":1,"71":1,"72":1,"75":56,"76":56,"77":46,"78":46,"79":46,"80":46,"81":46,"82":56,"84":56,"85":15,"86":15,"87":10,"88":5,"89":15,"91":56,"93":56,"94":2,"95":2,"96":2,"98":56,"100":56},"branchMap":{"0":{"type":"branch","line":11,"loc":{"start":{"line":11,"column":0},"end":{"line":101,"column":1}},"locations":[{"start":{"line":11,"column":0},"end":{"line":101,"column":1}}]},"1":{"type":"branch","line":32,"loc":{"start":{"line":32,"column":27},"end":{"line":32,"column":42}},"locations":[{"start":{"line":32,"column":27},"end":{"line":32,"column":42}}]},"2":{"type":"branch","line":35,"loc":{"start":{"line":35,"column":2},"end":{"line":35,"column":10}},"locations":[{"start":{"line":35,"column":2},"end":{"line":35,"column":10}}]},"3":{"type":"branch","line":66,"loc":{"start":{"line":66,"column":7},"end":{"line":67,"column":58}},"locations":[{"start":{"line":66,"column":7},"end":{"line":67,"column":58}}]},"4":{"type":"branch","line":70,"loc":{"start":{"line":70,"column":7},"end":{"line":73,"column":14}},"locations":[{"start":{"line":70,"column":7},"end":{"line":73,"column":14}}]},"5":{"type":"branch","line":72,"loc":{"start":{"line":72,"column":66},"end":{"line":72,"column":92}},"locations":[{"start":{"line":72,"column":66},"end":{"line":72,"column":92}}]},"6":{"type":"branch","line":85,"loc":{"start":{"line":85,"column":37},"end":{"line":85,"column":57}},"locations":[{"start":{"line":85,"column":37},"end":{"line":85,"column":57}}]},"7":{"type":"branch","line":85,"loc":{"start":{"line":85,"column":43},"end":{"line":90,"column":16}},"locations":[{"start":{"line":85,"column":43},"end":{"line":90,"column":16}}]},"8":{"type":"branch","line":87,"loc":{"start":{"line":87,"column":13},"end":{"line":88,"column":57}},"locations":[{"start":{"line":87,"column":13},"end":{"line":88,"column":57}}]},"9":{"type":"branch","line":88,"loc":{"start":{"line":88,"column":16},"end":{"line":89,"column":77}},"locations":[{"start":{"line":88,"column":16},"end":{"line":89,"column":77}}]},"10":{"type":"branch","line":94,"loc":{"start":{"line":94,"column":7},"end":{"line":97,"column":10}},"locations":[{"start":{"line":94,"column":7},"end":{"line":97,"column":10}}]},"11":{"type":"branch","line":26,"loc":{"start":{"line":26,"column":15},"end":{"line":28,"column":6}},"locations":[{"start":{"line":26,"column":15},"end":{"line":28,"column":6}}]},"12":{"type":"branch","line":32,"loc":{"start":{"line":32,"column":49},"end":{"line":34,"column":74}},"locations":[{"start":{"line":32,"column":49},"end":{"line":34,"column":74}}]},"13":{"type":"branch","line":33,"loc":{"start":{"line":33,"column":65},"end":{"line":34,"column":74}},"locations":[{"start":{"line":33,"column":65},"end":{"line":34,"column":74}}]},"14":{"type":"branch","line":37,"loc":{"start":{"line":37,"column":30},"end":{"line":41,"column":4}},"locations":[{"start":{"line":37,"column":30},"end":{"line":41,"column":4}}]},"15":{"type":"branch","line":38,"loc":{"start":{"line":38,"column":66},"end":{"line":40,"column":5}},"locations":[{"start":{"line":38,"column":66},"end":{"line":40,"column":5}}]},"16":{"type":"branch","line":50,"loc":{"start":{"line":50,"column":21},"end":{"line":50,"column":49}},"locations":[{"start":{"line":50,"column":21},"end":{"line":50,"column":49}}]},"17":{"type":"branch","line":57,"loc":{"start":{"line":57,"column":21},"end":{"line":57,"column":59}},"locations":[{"start":{"line":57,"column":21},"end":{"line":57,"column":59}}]},"18":{"type":"branch","line":77,"loc":{"start":{"line":77,"column":30},"end":{"line":82,"column":12}},"locations":[{"start":{"line":77,"column":30},"end":{"line":82,"column":12}}]},"19":{"type":"branch","line":81,"loc":{"start":{"line":81,"column":22},"end":{"line":81,"column":60}},"locations":[{"start":{"line":81,"column":22},"end":{"line":81,"column":60}}]}},"b":{"0":[56],"1":[40],"2":[16],"3":[15],"4":[1],"5":[0],"6":[30],"7":[15],"8":[10],"9":[5],"10":[2],"11":[1],"12":[72],"13":[51],"14":[2],"15":[1],"16":[1],"17":[1],"18":[46],"19":[2]},"fnMap":{"0":{"name":"ProjectList","decl":{"start":{"line":11,"column":0},"end":{"line":101,"column":1}},"loc":{"start":{"line":11,"column":0},"end":{"line":101,"column":1}},"line":11},"1":{"name":"onSuccess","decl":{"start":{"line":26,"column":15},"end":{"line":28,"column":6}},"loc":{"start":{"line":26,"column":15},"end":{"line":28,"column":6}},"line":26},"2":{"name":"handleDeleteProject","decl":{"start":{"line":37,"column":30},"end":{"line":41,"column":4}},"loc":{"start":{"line":37,"column":30},"end":{"line":41,"column":4}},"line":37},"3":{"name":"onClick","decl":{"start":{"line":50,"column":21},"end":{"line":50,"column":49}},"loc":{"start":{"line":50,"column":21},"end":{"line":50,"column":49}},"line":50},"4":{"name":"onClick","decl":{"start":{"line":57,"column":21},"end":{"line":57,"column":59}},"loc":{"start":{"line":57,"column":21},"end":{"line":57,"column":59}},"line":57},"5":{"name":"onDelete","decl":{"start":{"line":81,"column":22},"end":{"line":81,"column":60}},"loc":{"start":{"line":81,"column":22},"end":{"line":81,"column":60}},"line":81},"6":{"name":"onClose","decl":{"start":{"line":96,"column":19},"end":{"line":96,"column":58}},"loc":{"start":{"line":96,"column":19},"end":{"line":96,"column":58}},"line":96}},"f":{"0":56,"1":1,"2":2,"3":1,"4":1,"5":2,"6":0}}
,"/Users/ziyang/Documents/open-codex-gui/frontend/src/components/ProjectList/ProjectSearch.tsx": {"path":"/Users/ziyang/Documents/open-codex-gui/frontend/src/components/ProjectList/ProjectSearch.tsx","all":false,"statementMap":{"0":{"start":{"line":1,"column":0},"end":{"line":1,"column":29}},"7":{"start":{"line":8,"column":0},"end":{"line":8,"column":80}},"8":{"start":{"line":9,"column":0},"end":{"line":9,"column":10}},"9":{"start":{"line":10,"column":0},"end":{"line":10,"column":36}},"10":{"start":{"line":11,"column":0},"end":{"line":11,"column":12}},"11":{"start":{"line":12,"column":0},"end":{"line":12,"column":19}},"12":{"start":{"line":13,"column":0},"end":{"line":13,"column":40}},"13":{"start":{"line":14,"column":0},"end":{"line":14,"column":21}},"14":{"start":{"line":15,"column":0},"end":{"line":15,"column":50}},"15":{"start":{"line":16,"column":0},"end":{"line":16,"column":32}},"16":{"start":{"line":17,"column":0},"end":{"line":17,"column":8}},"17":{"start":{"line":18,"column":0},"end":{"line":18,"column":10}},"19":{"start":{"line":20,"column":0},"end":{"line":20,"column":1}}},"s":{"0":1,"7":61,"8":61,"9":61,"10":61,"11":61,"12":61,"13":61,"14":61,"15":61,"16":61,"17":61,"19":61},"branchMap":{"0":{"type":"branch","line":8,"loc":{"start":{"line":8,"column":0},"end":{"line":20,"column":1}},"locations":[{"start":{"line":8,"column":0},"end":{"line":20,"column":1}}]},"1":{"type":"branch","line":15,"loc":{"start":{"line":15,"column":18},"end":{"line":15,"column":50}},"locations":[{"start":{"line":15,"column":18},"end":{"line":15,"column":50}}]}},"b":{"0":[61],"1":[31]},"fnMap":{"0":{"name":"ProjectSearch","decl":{"start":{"line":8,"column":0},"end":{"line":20,"column":1}},"loc":{"start":{"line":8,"column":0},"end":{"line":20,"column":1}},"line":8},"1":{"name":"onChange","decl":{"start":{"line":15,"column":18},"end":{"line":15,"column":50}},"loc":{"start":{"line":15,"column":18},"end":{"line":15,"column":50}},"line":15}},"f":{"0":61,"1":31}}
[...]
{"line":254,"column":0},"end":{"line":254,"column":36}},"254":{"start":{"line":255,"column":0},"end":{"line":255,"column":32}},"257":{"start":{"line":258,"column":0},"end":{"line":258,"column":62}},"258":{"start":{"line":259,"column":0},"end":{"line":259,"column":64}},"259":{"start":{"line":260,"column":0},"end":{"line":260,"column":63}},"260":{"start":{"line":261,"column":0},"end":{"line":261,"column":7}},"261":{"start":{"line":262,"column":0},"end":{"line":262,"column":5}},"262":{"start":{"line":263,"column":0},"end":{"line":263,"column":3}}},"s":{"0":1,"1":1,"4":1,"5":1,"7":19,"8":19,"9":19,"10":19,"11":19,"12":19,"13":19,"14":19,"15":1,"17":1,"18":1,"19":1,"21":1,"22":1,"23":1,"24":1,"25":1,"26":1,"27":1,"28":1,"30":1,"31":1,"32":1,"34":1,"36":1,"37":1,"39":1,"40":1,"42":1,"43":1,"45":1,"46":1,"47":1,"49":1,"50":1,"51":1,"53":1,"54":1,"56":1,"57":1,"59":1,"60":1,"62":1,"63":1,"65":1,"66":1,"68":1,"69":1,"71":1,"72":1,"73":1,"75":1,"76":1,"77":1,"79":1,"80":1,"81":1,"83":1,"85":1,"86":1,"88":1,"89":1,"91":1,"92":1,"94":1,"95":1,"96":1,"98":1,"99":1,"100":1,"101":1,"102":1,"103":1,"104":1,"105":1,"106":1,"107":1,"109":1,"111":1,"112":1,"113":1,"115":1,"116":1,"117":1,"118":1,"119":1,"120":1,"121":1,"122":1,"123":1,"124":1,"125":1,"126":1,"127":1,"129":1,"130":1,"132":1,"133":1,"135":1,"136":1,"137":1,"138":1,"139":1,"140":1,"141":1,"143":1,"144":1,"146":1,"147":1,"148":1,"150":1,"151":1,"152":1,"153":1,"154":1,"155":1,"156":1,"158":1,"160":1,"161":1,"162":1,"164":1,"165":1,"166":1,"167":1,"168":1,"169":1,"170":1,"171":1,"173":1,"175":1,"176":1,"178":1,"179":1,"181":1,"182":1,"184":1,"185":1,"187":1,"188":1,"189":1,"190":1,"191":1,"192":1,"193":1,"194":1,"196":1,"198":1,"199":1,"200":1,"201":1,"202":1,"204":1,"205":1,"206":1,"208":1,"210":1,"211":1,"213":1,"214":1,"216":1,"217":1,"219":1,"220":1,"222":1,"223":1,"225":1,"226":1,"228":1,"229":1,"230":1,"232":1,"233":1,"234":1,"237":1,"238":1,"241":1,"242":1,"243":1,"244":1,"247":1,"248":1,"249":1,"252":1,"253":1,"254":1,"257":1,"258":1,"259":1,"260":1,"261":1,"262":1},"branchMap":{"0":{"type":"branch","line":5,"loc":{"start":{"line":5,"column":22},"end":{"line":263,"column":3}},"locations":[{"start":{"line":5,"column":22},"end":{"line":263,"column":3}}]},"1":{"type":"branch","line":6,"loc":{"start":{"line":6,"column":13},"end":{"line":16,"column":3}},"locations":[{"start":{"line":6,"column":13},"end":{"line":16,"column":3}}]},"2":{"type":"branch","line":18,"loc":{"start":{"line":18,"column":28},"end":{"line":29,"column":3}},"locations":[{"start":{"line":18,"column":28},"end":{"line":29,"column":3}}]},"3":{"type":"branch","line":19,"loc":{"start":{"line":19,"column":44},"end":{"line":28,"column":5}},"locations":[{"start":{"line":19,"column":44},"end":{"line":28,"column":5}}]},"4":{"type":"branch","line":31,"loc":{"start":{"line":31,"column":31},"end":{"line":48,"column":3}},"locations":[{"start":{"line":31,"column":31},"end":{"line":48,"column":3}}]},"5":{"type":"branch","line":32,"loc":{"start":{"line":32,"column":43},"end":{"line":38,"column":5}},"locations":[{"start":{"line":32,"column":43},"end":{"line":38,"column":5}}]},"6":{"type":"branch","line":40,"loc":{"start":{"line":40,"column":59},"end":{"line":47,"column":5}},"locations":[{"start":{"line":40,"column":59},"end":{"line":47,"column":5}}]},"7":{"type":"branch","line":50,"loc":{"start":{"line":50,"column":31},"end":{"line":78,"column":3}},"locations":[{"start":{"line":50,"column":31},"end":{"line":78,"column":3}}]},"8":{"type":"branch","line":51,"loc":{"start":{"line":51,"column":52},"end":{"line":58,"column":5}},"locations":[{"start":{"line":51,"column":52},"end":{"line":58,"column":5}}]},"9":{"type":"branch","line":60,"loc":{"start":{"line":60,"column":41},"end":{"line":67,"column":5}},"locations":[{"start":{"line":60,"column":41},"end":{"line":67,"column":5}}]},"10":{"type":"branch","line":69,"loc":{"start":{"line":69,"column":37},"end":{"line":77,"column":5}},"locations":[{"start":{"line":69,"column":37},"end":{"line":77,"column":5}}]},"11":{"type":"branch","line":80,"loc":{"start":{"line":80,"column":27},"end":{"line":97,"column":3}},"locations":[{"start":{"line":80,"column":27},"end":{"line":97,"column":3}}]},"12":{"type":"branch","line":81,"loc":{"start":{"line":81,"column":39},"end":{"line":87,"column":5}},"locations":[{"start":{"line":81,"column":39},"end":{"line":87,"column":5}}]},"13":{"type":"branch","line":89,"loc":{"start":{"line":89,"column":40},"end":{"line":96,"column":5}},"locations":[{"start":{"line":89,"column":40},"end":{"line":96,"column":5}}]},"14":{"type":"branch","line":99,"loc":{"start":{"line":99,"column":27},"end":{"line":149,"column":3}},"locations":[{"start":{"line":99,"column":27},"end":{"line":149,"column":3}}]},"15":{"type":"branch","line":100,"loc":{"start":{"line":100,"column":35},"end":{"line":114,"column":5}},"locations":[{"start":{"line":100,"column":35},"end":{"line":114,"column":5}}]},"16":{"type":"branch","line":116,"loc":{"start":{"line":116,"column":51},"end":{"line":134,"column":5}},"locations":[{"start":{"line":116,"column":51},"end":{"line":134,"column":5}}]},"17":{"type":"branch","line":136,"loc":{"start":{"line":136,"column":37},"end":{"line":148,"column":5}},"locations":[{"start":{"line":136,"column":37},"end":{"line":148,"column":5}}]},"18":{"type":"branch","line":151,"loc":{"start":{"line":151,"column":27},"end":{"line":203,"column":3}},"locations":[{"start":{"line":151,"column":27},"end":{"line":203,"column":3}}]},"19":{"type":"branch","line":152,"loc":{"start":{"line":152,"column":35},"end":{"line":163,"column":5}},"locations":[{"start":{"line":152,"column":35},"end":{"line":163,"column":5}}]},"20":{"type":"branch","line":165,"loc":{"start":{"line":165,"column":51},"end":{"line":177,"column":5}},"locations":[{"start":{"line":165,"column":51},"end":{"line":177,"column":5}}]},"21":{"type":"branch","line":179,"loc":{"start":{"line":179,"column":37},"end":{"line":186,"column":5}},"locations":[{"start":{"line":179,"column":37},"end":{"line":186,"column":5}}]},"22":{"type":"branch","line":188,"loc":{"start":{"line":188,"column":41},"end":{"line":202,"column":5}},"locations":[{"start":{"line":188,"column":41},"end":{"line":202,"column":5}}]},"23":{"type":"branch","line":205,"loc":{"start":{"line":205,"column":29},"end":{"line":231,"column":3}},"locations":[{"start":{"line":205,"column":29},"end":{"line":231,"column":3}}]},"24":{"type":"branch","line":206,"loc":{"start":{"line":206,"column":35},"end":{"line":212,"column":5}},"locations":[{"start":{"line":206,"column":35},"end":{"line":212,"column":5}}]},"25":{"type":"branch","line":214,"loc":{"start":{"line":214,"column":29},"end":{"line":221,"column":5}},"locations":[{"start":{"line":214,"column":29},"end":{"line":221,"column":5}}]},"26":{"type":"branch","line":223,"loc":{"start":{"line":223,"column":40},"end":{"line":230,"column":5}},"locations":[{"start":{"line":223,"column":40},"end":{"line":230,"column":5}}]},"27":{"type":"branch","line":233,"loc":{"start":{"line":233,"column":34},"end":{"line":262,"column":3}},"locations":[{"start":{"line":233,"column":34},"end":{"line":262,"column":3}}]},"28":{"type":"branch","line":234,"loc":{"start":{"line":234,"column":63},"end":{"line":261,"column":5}},"locations":[{"start":{"line":234,"column":63},"end":{"line":261,"column":5}}]}},"b":{"0":[1],"1":[19],"2":[1],"3":[1],"4":[1],"5":[1],"6":[1],"7":[1],"8":[1],"9":[1],"10":[1],"11":[1],"12":[1],"13":[1],"14":[1],"15":[1],"16":[1],"17":[1],"18":[1],"19":[1],"20":[1],"21":[1],"22":[1],"23":[1],"24":[1],"25":[1],"26":[1],"27":[1],"28":[1]},"fnMap":{},"f":{}}
,"/Users/ziyang/Documents/open-codex-gui/frontend/src/stores/__tests__/projectStore.test.ts": {"path":"/Users/ziyang/Documents/open-codex-gui/frontend/src/stores/__tests__/projectStore.test.ts","all":false,"statementMap":{"0":{"start":{"line":1,"column":0},"end":{"line":1,"column":58}},"1":{"start":{"line":2,"column":0},"end":{"line":2,"column":50}},"4":{"start":{"line":5,"column":0},"end":{"line":5,"column":32}},"5":{"start":{"line":6,"column":0},"end":{"line":6,"column":32}},"6":{"start":{"line":7,"column":0},"end":{"line":7,"column":22}},"7":{"start":{"line":8,"column":0},"end":{"line":8,"column":25}},"8":{"start":{"line":9,"column":0},"end":{"line":9,"column":34}},"9":{"start":{"line":10,"column":0},"end":{"line":10,"column":39}},"10":{"start":{"line":11,"column":0},"end":{"line":11,"column":39}},"11":{"start":{"line":12,"column":0},"end":{"line":12,"column":4}},"13":{"start":{"line":14,"column":0},"end":{"line":14,"column":20}},"15":{"start":{"line":16,"column":0},"end":{"line":16,"column":56}},"16":{"start":{"line":17,"column":0},"end":{"line":17,"column":5}},"18":{"start":{"line":19,"column":0},"end":{"line":19,"column":35}},"19":{"start":{"line":20,"column":0},"end":{"line":20,"column":61}},"20":{"start":{"line":21,"column":0},"end":{"line":21,"column":47}},"21":{"start":{"line":22,"column":0},"end":{"line":22,"column":47}},"22":{"start":{"line":23,"column":0},"end":{"line":23,"column":7}},"23":{"start":{"line":24,"column":0},"end":{"line":24,"column":5}},"25":{"start":{"line":26,"column":0},"end":{"line":26,"column":40}},"26":{"start":{"line":27,"column":0},"end":{"line":27,"column":49}},"27":{"start":{"line":28,"column":0},"end":{"line":28,"column":64}},"29":{"start":{"line":30,"column":0},"end":{"line":30,"column":38}},"31":{"start":{"line":32,"column":0},"end":{"line":32,"column":47}},"32":{"start":{"line":33,"column":0},"end":{"line":33,"column":57}},"33":{"start":{"line":34,"column":0},"end":{"line":34,"column":7}},"35":{"start":{"line":36,"column":0},"end":{"line":36,"column":68}},"36":{"start":{"line":37,"column":0},"end":{"line":37,"column":64}},"39":{"start":{"line":40,"column":0},"end":{"line":40,"column":38}},"40":{"start":{"line":41,"column":0},"end":{"line":41,"column":78}},"43":{"start":{"line":44,"column":0},"end":{"line":44,"column":31}},"44":{"start":{"line":45,"column":0},"end":{"line":45,"column":68}},"45":{"start":{"line":46,"column":0},"end":{"line":46,"column":7}},"47":{"start":{"line":48,"column":0},"end":{"line":48,"column":68}},"48":{"start":{"line":49,"column":0},"end":{"line":49,"column":64}},"49":{"start":{"line":50,"column":0},"end":{"line":50,"column":35}},"50":{"start":{"line":51,"column":0},"end":{"line":51,"column":26}},"51":{"start":{"line":52,"column":0},"end":{"line":52,"column":32}},"52":{"start":{"line":53,"column":0},"end":{"line":53,"column":44}},"53":{"start":{"line":54,"column":0},"end":{"line":54,"column":43}},"54":{"start":{"line":55,"column":0},"end":{"line":55,"column":43}},"55":{"start":{"line":56,"column":0},"end":{"line":56,"column":8}},"57":{"start":{"line":58,"column":0},"end":{"line":58,"column":38}},"58":{"start":{"line":59,"column":0},"end":{"line":59,"column":37}},"60":{"start":{"line":61,"column":0},"end":{"line":61,"column":47}},"61":{"start":{"line":62,"column":0},"end":{"line":62,"column":56}},"62":{"start":{"line":63,"column":0},"end":{"line":63,"column":60}},"63":{"start":{"line":64,"column":0},"end":{"line":64,"column":7}},"64":{"start":{"line":65,"column":0},"end":{"line":65,"column":5}},"66":{"start":{"line":67,"column":0},"end":{"line":67,"column":39}},"67":{"start":{"line":68,"column":0},"end":{"line":68,"column":70}},"68":{"start":{"line":69,"column":0},"end":{"line":69,"column":64}},"70":{"start":{"line":71,"column":0},"end":{"line":71,"column":38}},"73":{"start":{"line":74,"column":0},"end":{"line":74,"column":78}},"74":{"start":{"line":75,"column":0},"end":{"line":75,"column":78}},"75":{"start":{"line":76,"column":0},"end":{"line":76,"column":7}},"76":{"start":{"line":77,"column":0},"end":{"line":77,"column":5}},"77":{"start":{"line":78,"column":0},"end":{"line":78,"column":3}}},"s":{"0":1,"1":1,"4":1,"5":1,"6":1,"7":1,"8":1,"9":1,"10":1,"11":1,"13":1,"15":5,"16":1,"18":1,"19":1,"20":1,"21":1,"22":1,"23":1,"25":1,"26":1,"27":1,"29":1,"31":1,"32":1,"33":1,"35":1,"36":1,"39":1,"40":1,"43":1,"44":1,"45":1,"47":1,"48":1,"49":1,"50":1,"51":1,"52":1,"53":1,"54":1,"55":1,"57":1,"58":1,"60":1,"61":1,"62":1,"63":1,"64":1,"66":1,"67":1,"68":1,"70":1,"73":1,"74":1,"75":1,"76":1,"77":1},"branchMap":{"0":{"type":"branch","line":5,"loc":{"start":{"line":5,"column":25},"end":{"line":78,"column":3}},"locations":[{"start":{"line":5,"column":25},"end":{"line":78,"column":3}}]},"1":{"type":"branch","line":14,"loc":{"start":{"line":14,"column":13},"end":{"line":17,"column":3}},"locations":[{"start":{"line":14,"column":13},"end":{"line":17,"column":3}}]},"2":{"type":"branch","line":19,"loc":{"start":{"line":19,"column":28},"end":{"line":24,"column":3}},"locations":[{"start":{"line":19,"column":28},"end":{"line":24,"column":3}}]},"3":{"type":"branch","line":20,"loc":{"start":{"line":20,"column":54},"end":{"line":23,"column":5}},"locations":[{"start":{"line":20,"column":54},"end":{"line":23,"column":5}}]},"4":{"type":"branch","line":26,"loc":{"start":{"line":26,"column":33},"end":{"line":65,"column":3}},"locations":[{"start":{"line":26,"column":33},"end":{"line":65,"column":3}}]},"5":{"type":"branch","line":27,"loc":{"start":{"line":27,"column":42},"end":{"line":34,"column":5}},"locations":[{"start":{"line":27,"column":42},"end":{"line":34,"column":5}}]},"6":{"type":"branch","line":36,"loc":{"start":{"line":36,"column":61},"end":{"line":46,"column":5}},"locations":[{"start":{"line":36,"column":61},"end":{"line":46,"column":5}}]},"7":{"type":"branch","line":48,"loc":{"start":{"line":48,"column":61},"end":{"line":64,"column":5}},"locations":[{"start":{"line":48,"column":61},"end":{"line":64,"column":5}}]},"8":{"type":"branch","line":67,"loc":{"start":{"line":67,"column":32},"end":{"line":77,"column":3}},"locations":[{"start":{"line":67,"column":32},"end":{"line":77,"column":3}}]},"9":{"type":"branch","line":68,"loc":{"start":{"line":68,"column":63},"end":{"line":76,"column":5}},"locations":[{"start":{"line":68,"column":63},"end":{"line":76,"column":5}}]}},"b":{"0":[1],"1":[5],"2":[1],"3":[1],"4":[1],"5":[1],"6":[1],"7":[1],"8":[1],"9":[1]},"fnMap":{},"f":{}}
,"/Users/ziyang/Documents/open-codex-gui/frontend/src/stores/__tests__/uiStore.test.ts": {"path":"/Users/ziyang/Documents/open-codex-gui/frontend/src/stores/__tests__/uiStore.test.ts","all":false,"statementMap":{"0":{"start":{"line":1,"column":0},"end":{"line":1,"column":58}},"1":{"start":{"line":2,"column":0},"end":{"line":2,"column":40}},"3":{"start":{"line":4,"column":0},"end":{"line":4,"column":27}},"4":{"start":{"line":5,"column":0},"end":{"line":5,"column":20}},"6":{"start":{"line":7,"column":0},"end":{"line":7,"column":61}},"7":{"start":{"line":8,"column":0},"end":{"line":8,"column":5}},"9":{"start":{"line":10,"column":0},"end":{"line":10,"column":35}},"10":{"start":{"line":11,"column":0},"end":{"line":11,"column":73}},"11":{"start":{"line":12,"column":0},"end":{"line":12,"column":42}},"12":{"start":{"line":13,"column":0},"end":{"line":13,"column":57}},"13":{"start":{"line":14,"column":0},"end":{"line":14,"column":7}},"14":{"start":{"line":15,"column":0},"end":{"line":15,"column":5}},"16":{"start":{"line":17,"column":0},"end":{"line":17,"column":47}},"17":{"start":{"line":18,"column":0},"end":{"line":18,"column":56}},"18":{"start":{"line":19,"column":0},"end":{"line":19,"column":66}},"20":{"start":{"line":21,"column":0},"end":{"line":21,"column":38}},"22":{"start":{"line":23,"column":0},"end":{"line":23,"column":72}},"23":{"start":{"line":24,"column":0},"end":{"line":24,"column":7}},"25":{"start":{"line":26,"column":0},"end":{"line":26,"column":58}},"26":{"start":{"line":27,"column":0},"end":{"line":27,"column":66}},"29":{"start":{"line":30,"column":0},"end":{"line":30,"column":38}},"30":{"start":{"line":31,"column":0},"end":{"line":31,"column":72}},"33":{"start":{"line":34,"column":0},"end":{"line":34,"column":39}},"34":{"start":{"line":35,"column":0},"end":{"line":35,"column":73}},"35":{"start":{"line":36,"column":0},"end":{"line":36,"column":7}},"37":{"start":{"line":38,"column":0},"end":{"line":38,"column":53}},"38":{"start":{"line":39,"column":0},"end":{"line":39,"column":66}},"41":{"start":{"line":42,"column":0},"end":{"line":42,"column":38}},"42":{"start":{"line":43,"column":0},"end":{"line":43,"column":72}},"45":{"start":{"line":46,"column":0},"end":{"line":46,"column":39}},"46":{"start":{"line":47,"column":0},"end":{"line":47,"column":73}},"49":{"start":{"line":50,"column":0},"end":{"line":50,"column":38}},"50":{"start":{"line":51,"column":0},"end":{"line":51,"column":72}},"51":{"start":{"line":52,"column":0},"end":{"line":52,"column":7}},"52":{"start":{"line":53,"column":0},"end":{"line":53,"column":5}},"54":{"start":{"line":55,"column":0},"end":{"line":55,"column":39}},"55":{"start":{"line":56,"column":0},"end":{"line":56,"column":70}},"56":{"start":{"line":57,"column":0},"end":{"line":57,"column":66}},"58":{"start":{"line":59,"column":0},"end":{"line":59,"column":38}},"61":{"start":{"line":62,"column":0},"end":{"line":62,"column":72}},"62":{"start":{"line":63,"column":0},"end":{"line":63,"column":72}},"63":{"start":{"line":64,"column":0},"end":{"line":64,"column":7}},"64":{"start":{"line":65,"column":0},"end":{"line":65,"column":5}},"65":{"start":{"line":66,"column":0},"end":{"line":66,"column":3}}},"s":{"0":1,"1":1,"3":1,"4":1,"6":5,"7":1,"9":1,"10":1,"11":1,"12":1,"13":1,"14":1,"16":1,"17":1,"18":1,"20":1,"22":1,"23":1,"25":1,"26":1,"29":1,"30":1,"33":1,"34":1,"35":1,"37":1,"38":1,"41":1,"42":1,"45":1,"46":1,"49":1,"50":1,"51":1,"52":1,"54":1,"55":1,"56":1,"58":1,"61":1,"62":1,"63":1,"64":1,"65":1},"branchMap":{"0":{"type":"branch","line":4,"loc":{"start":{"line":4,"column":20},"end":{"line":66,"column":3}},"locations":[{"start":{"line":4,"column":20},"end":{"line":66,"column":3}}]},"1":{"type":"branch","line":5,"loc":{"start":{"line":5,"column":13},"end":{"line":8,"column":3}},"locations":[{"start":{"line":5,"column":13},"end":{"line":8,"column":3}}]},"2":{"type":"branch","line":10,"loc":{"start":{"line":10,"column":28},"end":{"line":15,"column":3}},"locations":[{"start":{"line":10,"column":28},"end":{"line":15,"column":3}}]},"3":{"type":"branch","line":11,"loc":{"start":{"line":11,"column":66},"end":{"line":14,"column":5}},"locations":[{"start":{"line":11,"column":66},"end":{"line":14,"column":5}}]},"4":{"type":"branch","line":17,"loc":{"start":{"line":17,"column":40},"end":{"line":53,"column":3}},"locations":[{"start":{"line":17,"column":40},"end":{"line":53,"column":3}}]},"5":{"type":"branch","line":18,"loc":{"start":{"line":18,"column":49},"end":{"line":24,"column":5}},"locations":[{"start":{"line":18,"column":49},"end":{"line":24,"column":5}}]},"6":{"type":"branch","line":26,"loc":{"start":{"line":26,"column":51},"end":{"line":36,"column":5}},"locations":[{"start":{"line":26,"column":51},"end":{"line":36,"column":5}}]},"7":{"type":"branch","line":38,"loc":{"start":{"line":38,"column":46},"end":{"line":52,"column":5}},"locations":[{"start":{"line":38,"column":46},"end":{"line":52,"column":5}}]},"8":{"type":"branch","line":55,"loc":{"start":{"line":55,"column":32},"end":{"line":65,"column":3}},"locations":[{"start":{"line":55,"column":32},"end":{"line":65,"column":3}}]},"9":{"type":"branch","line":56,"loc":{"start":{"line":56,"column":63},"end":{"line":64,"column":5}},"locations":[{"start":{"line":56,"column":63},"end":{"line":64,"column":5}}]}},"b":{"0":[1],"1":[5],"2":[1],"3":[1],"4":[1],"5":[1],"6":[1],"7":[1],"8":[1],"9":[1]},"fnMap":{},"f":{}}
,"/Users/ziyang/Documents/open-codex-gui/frontend/src/types/index.ts": {"path":"/Users/ziyang/Documents/open-codex-gui/frontend/src/types/index.ts","all":true,"statementMap":{},"s":{},"branchMap":{"0":{"type":"branch","line":1,"loc":{"start":{"line":1,"column":3833},"end":{"line":161,"column":1}},"locations":[{"start":{"line":1,"column":3833},"end":{"line":161,"column":1}}]}},"b":{"0":[1]},"fnMap":{"0":{"name":"(empty-report)","decl":{"start":{"line":1,"column":3833},"end":{"line":161,"column":1}},"loc":{"start":{"line":1,"column":3833},"end":{"line":161,"column":1}},"line":1}},"f":{"0":1}}
}
